<?xml version="1.0" encoding="UTF-8"?>
<TestRun id="bce01b62-ec97-4cf6-8d92-38905c7820ec" name="raphael.cruzeiro@PIANO 2010-10-25 18:03:28" runUser="PIANO\raphael.cruzeiro" xmlns="http://microsoft.com/schemas/VisualStudio/TeamTest/2010">
  <TestSettings name="Default Test Settings" id="18a467d8-4450-423a-b965-31a6ebf5db43">
    <Deployment runDeploymentRoot="raphael.cruzeiro_PIANO 2010-10-25 18_03_28">
      <DeploymentItem filename="E:\Users\raphael.cruzeiro\Documents\Projects\open\Web.Generics\lib\NHibernate\Antlr3.Runtime.dll" />
      <DeploymentItem filename="E:\Users\raphael.cruzeiro\Documents\Projects\open\Web.Generics\Web.Generics.Web\bin\Debug\Web.Generics.Web.dll" />
      <DeploymentItem filename="E:\Users\raphael.cruzeiro\Documents\Projects\open\Web.Generics\Inspira.Blog\bin\Debug\Inspira.Blog.dll" />
      <DeploymentItem filename="E:\Users\raphael.cruzeiro\Documents\Projects\open\Web.Generics\lib\NHibernate\NHibernate.dll" />
      <DeploymentItem filename="E:\Users\raphael.cruzeiro\Documents\Projects\open\Web.Generics\lib\NHibernate\Iesi.Collections.dll" />
      <DeploymentItem filename="E:\Users\raphael.cruzeiro\Documents\Projects\open\Web.Generics\Web.Generics\bin\Debug\Web.Generics.dll" />
      <DeploymentItem filename="E:\Users\raphael.cruzeiro\Documents\Projects\open\Web.Generics\lib\NHibernate\System.Data.SQLite.dll" />
      <DeploymentItem filename="E:\Users\raphael.cruzeiro\Documents\Projects\open\Web.Generics\Web.Generics.Futures\bin\Debug\Web.Generics.Futures.dll" />
      <DeploymentItem filename="E:\Users\raphael.cruzeiro\Documents\Projects\open\Web.Generics\lib\NHibernate\FluentNHibernate.dll" />
      <DeploymentItem filename="E:\Users\raphael.cruzeiro\Documents\Projects\open\Web.Generics\lib\NHibernate\NHibernate.ByteCode.LinFu.dll" />
      <DeploymentItem filename="E:\Users\raphael.cruzeiro\Documents\Projects\open\Web.Generics\Web.Generics.WebMvc\bin\Debug\Web.Generics.WebMvc.dll" />
      <DeploymentItem filename="E:\Users\raphael.cruzeiro\Documents\Projects\open\Web.Generics\lib\NHibernate\log4net.dll" />
      <DeploymentItem filename="E:\Users\raphael.cruzeiro\Documents\Projects\open\Web.Generics\lib\Moq\Moq.dll" />
      <DeploymentItem filename="E:\Users\raphael.cruzeiro\Documents\Projects\open\Web.Generics\Inspira.Blog.DomainModel\bin\Debug\Inspira.Blog.DomainModel.dll" />
    </Deployment>
    <Execution>
      <TestTypeSpecific />
      <AgentRule name="Execution Agents">
      </AgentRule>
    </Execution>
  </TestSettings>
  <Times creation="2010-10-25T18:03:28.4583580-02:00" queuing="2010-10-25T18:03:30.6896605-02:00" start="2010-10-25T18:03:31.1788870-02:00" finish="2010-10-25T18:03:45.2004505-02:00" />
  <ResultSummary outcome="Error">
    <Counters total="27" executed="10" passed="5" error="1" failed="3" timeout="0" aborted="1" inconclusive="0" passedButRunAborted="0" notRunnable="0" notExecuted="17" disconnected="0" warning="0" completed="0" inProgress="0" pending="0" />
    <RunInfos>
      <RunInfo computerName="PIANO" outcome="Warning" timestamp="2010-10-25T18:03:28.8470050-02:00">
        <Text>Warning: Test Run deployment issue: The assembly or module 'Microsoft.Practices.ServiceLocation' directly or indirectly referenced by the test container 'e:\users\raphael.cruzeiro\documents\projects\open\web.generics\web.generics.tests\bin\debug\web.generics.tests.dll' was not found.</Text>
      </RunInfo>
      <RunInfo computerName="PIANO" outcome="Error" timestamp="2010-10-25T18:03:45.1955680-02:00">
        <Text>Test host process exited unexpectedly.</Text>
      </RunInfo>
    </RunInfos>
  </ResultSummary>
  <TestDefinitions>
    <UnitTest name="Register_Interface_And_Resolve_To_Implementation_Without_Chaining" storage="e:\users\raphael.cruzeiro\documents\projects\open\web.generics\web.generics.tests\bin\debug\web.generics.tests.dll" id="26b86960-9ce0-9813-79f0-22eb253ddaa4">
      <Execution id="8ccc1b4f-b51a-49b2-97ad-8665977f019c" />
      <TestMethod codeBase="E:/Users/raphael.cruzeiro/Documents/Projects/open/Web.Generics/Web.Generics.Tests/bin/Debug/Web.Generics.Tests.DLL" adapterTypeName="Microsoft.VisualStudio.TestTools.TestTypes.Unit.UnitTestAdapter, Microsoft.VisualStudio.QualityTools.Tips.UnitTest.Adapter, Version=10.0.0.0, Culture=neutral, PublicKeyToken=b03f5f7f11d50a3a" className="Web.Generics.Tests.Infrastructure_InversionOfControl_Tests, Web.Generics.Tests, Version=1.0.0.0, Culture=neutral, PublicKeyToken=null" name="Register_Interface_And_Resolve_To_Implementation_Without_Chaining" />
    </UnitTest>
    <UnitTest name="Resolve_Controller_With_Generic_Implementations" storage="e:\users\raphael.cruzeiro\documents\projects\open\web.generics\web.generics.tests\bin\debug\web.generics.tests.dll" id="9fc42f36-ca29-aff9-0c1e-58648d096479">
      <Execution id="ce15f7ea-ab1d-4f93-a131-d9ee8a14294d" />
      <TestMethod codeBase="E:/Users/raphael.cruzeiro/Documents/Projects/open/Web.Generics/Web.Generics.Tests/bin/Debug/Web.Generics.Tests.DLL" adapterTypeName="Microsoft.VisualStudio.TestTools.TestTypes.Unit.UnitTestAdapter, Microsoft.VisualStudio.QualityTools.Tips.UnitTest.Adapter, Version=10.0.0.0, Culture=neutral, PublicKeyToken=b03f5f7f11d50a3a" className="Web.Generics.Tests.Infrastructure_InversionOfControl_Tests, Web.Generics.Tests, Version=1.0.0.0, Culture=neutral, PublicKeyToken=null" name="Resolve_Controller_With_Generic_Implementations" />
    </UnitTest>
    <UnitTest name="Default_sortinginfo_is_null_property_ascending_with_sorting_disabled" storage="e:\users\raphael.cruzeiro\documents\projects\open\web.generics\web.generics.tests\bin\debug\web.generics.tests.dll" id="20883c91-712f-7bd9-84c5-0e6b4f0b789d">
      <Execution id="bc9e9b75-f92c-4970-9968-661a50f9e19d" />
      <TestMethod codeBase="E:/Users/raphael.cruzeiro/Documents/Projects/open/Web.Generics/Web.Generics.Tests/bin/Debug/Web.Generics.Tests.DLL" adapterTypeName="Microsoft.VisualStudio.TestTools.TestTypes.Unit.UnitTestAdapter, Microsoft.VisualStudio.QualityTools.Tips.UnitTest.Adapter, Version=10.0.0.0, Culture=neutral, PublicKeyToken=b03f5f7f11d50a3a" className="Web.Generics.Tests.UserInterface.Given_a_repository_with_7_elements, Web.Generics.Tests, Version=1.0.0.0, Culture=neutral, PublicKeyToken=null" name="Default_sortinginfo_is_null_property_ascending_with_sorting_disabled" />
    </UnitTest>
    <UnitTest name="All_null_parameters_brings_all_values" storage="e:\users\raphael.cruzeiro\documents\projects\open\web.generics\web.generics.tests\bin\debug\web.generics.tests.dll" id="6d4cc1b8-84b5-98a2-bb17-b334fc688462">
      <Execution id="f8e263bb-992a-4a85-94b8-7c188b401744" />
      <TestMethod codeBase="E:/Users/raphael.cruzeiro/Documents/Projects/open/Web.Generics/Web.Generics.Tests/bin/Debug/Web.Generics.Tests.DLL" adapterTypeName="Microsoft.VisualStudio.TestTools.TestTypes.Unit.UnitTestAdapter, Microsoft.VisualStudio.QualityTools.Tips.UnitTest.Adapter, Version=10.0.0.0, Culture=neutral, PublicKeyToken=b03f5f7f11d50a3a" className="Web.Generics.Tests.UserInterface.Given_a_repository_with_7_elements, Web.Generics.Tests, Version=1.0.0.0, Culture=neutral, PublicKeyToken=null" name="All_null_parameters_brings_all_values" />
    </UnitTest>
    <UnitTest name="Insert_child_does_not_load_children_v2" storage="e:\users\raphael.cruzeiro\documents\projects\open\web.generics\web.generics.tests\bin\debug\web.generics.tests.dll" id="aac57191-7373-4d93-174a-e11b361b9a1b">
      <Execution id="97178b29-3fcd-46da-8579-d9766209e7e4" />
      <TestMethod codeBase="E:/Users/raphael.cruzeiro/Documents/Projects/open/Web.Generics/Web.Generics.Tests/bin/Debug/Web.Generics.Tests.DLL" adapterTypeName="Microsoft.VisualStudio.TestTools.TestTypes.Unit.UnitTestAdapter, Microsoft.VisualStudio.QualityTools.Tips.UnitTest.Adapter, Version=10.0.0.0, Culture=neutral, PublicKeyToken=b03f5f7f11d50a3a" className="Web.Generics.Tests.NHibernateSessionTests, Web.Generics.Tests, Version=1.0.0.0, Culture=neutral, PublicKeyToken=null" name="Insert_child_does_not_load_children_v2" />
    </UnitTest>
    <UnitTest name="Register_with_existing_username_returns_ExistingUsername_state" storage="e:\users\raphael.cruzeiro\documents\projects\open\web.generics\web.generics.tests\bin\debug\web.generics.tests.dll" id="32bcb943-d87d-582b-883d-16c950347d82">
      <Execution id="1aa29a10-48f4-4921-8c2f-cb0169c5d02f" />
      <TestMethod codeBase="E:/Users/raphael.cruzeiro/Documents/Projects/open/Web.Generics/Web.Generics.Tests/bin/Debug/Web.Generics.Tests.DLL" adapterTypeName="Microsoft.VisualStudio.TestTools.TestTypes.Unit.UnitTestAdapter, Microsoft.VisualStudio.QualityTools.Tips.UnitTest.Adapter, Version=10.0.0.0, Culture=neutral, PublicKeyToken=b03f5f7f11d50a3a" className="Web.Generics.Tests.Authentication.MembershipServicesTests, Web.Generics.Tests, Version=1.0.0.0, Culture=neutral, PublicKeyToken=null" name="Register_with_existing_username_returns_ExistingUsername_state" />
    </UnitTest>
    <UnitTest name="InsertPostWithNullableProperty" storage="e:\users\raphael.cruzeiro\documents\projects\open\web.generics\web.generics.tests\bin\debug\web.generics.tests.dll" id="afec351d-c5bd-e807-4f9f-6c708da25c8f">
      <Execution id="64b551f4-9987-451b-9296-a99bb129ed28" />
      <TestMethod codeBase="E:/Users/raphael.cruzeiro/Documents/Projects/open/Web.Generics/Web.Generics.Tests/bin/Debug/Web.Generics.Tests.DLL" adapterTypeName="Microsoft.VisualStudio.TestTools.TestTypes.Unit.UnitTestAdapter, Microsoft.VisualStudio.QualityTools.Tips.UnitTest.Adapter, Version=10.0.0.0, Culture=neutral, PublicKeyToken=b03f5f7f11d50a3a" className="Web.Generics.Tests.Infrastructure_Repository_Tests, Web.Generics.Tests, Version=1.0.0.0, Culture=neutral, PublicKeyToken=null" name="InsertPostWithNullableProperty" />
    </UnitTest>
    <UnitTest name="List_Posts_By_Date_Range" storage="e:\users\raphael.cruzeiro\documents\projects\open\web.generics\web.generics.tests\bin\debug\web.generics.tests.dll" id="8aafd531-d21c-00a8-ee90-e1b37e3a3694">
      <Execution id="e586f5cf-fec3-4ba8-837e-750e4fbe5c65" />
      <TestMethod codeBase="E:/Users/raphael.cruzeiro/Documents/Projects/open/Web.Generics/Web.Generics.Tests/bin/Debug/Web.Generics.Tests.DLL" adapterTypeName="Microsoft.VisualStudio.TestTools.TestTypes.Unit.UnitTestAdapter, Microsoft.VisualStudio.QualityTools.Tips.UnitTest.Adapter, Version=10.0.0.0, Culture=neutral, PublicKeyToken=b03f5f7f11d50a3a" className="Inspira.Blog.Tests.Blog_Services, Web.Generics.Tests, Version=1.0.0.0, Culture=neutral, PublicKeyToken=null" name="List_Posts_By_Date_Range" />
    </UnitTest>
    <UnitTest name="Resolve_Controller_With_Specific_Controller_And_ViewModel" storage="e:\users\raphael.cruzeiro\documents\projects\open\web.generics\web.generics.tests\bin\debug\web.generics.tests.dll" id="e7a87bf2-4851-5b1c-7df0-92fdcafd03ca">
      <Execution id="2ea5f63d-8910-4e48-8704-1f56323e2ba5" />
      <TestMethod codeBase="E:/Users/raphael.cruzeiro/Documents/Projects/open/Web.Generics/Web.Generics.Tests/bin/Debug/Web.Generics.Tests.DLL" adapterTypeName="Microsoft.VisualStudio.TestTools.TestTypes.Unit.UnitTestAdapter, Microsoft.VisualStudio.QualityTools.Tips.UnitTest.Adapter, Version=10.0.0.0, Culture=neutral, PublicKeyToken=b03f5f7f11d50a3a" className="Web.Generics.Tests.Infrastructure_InversionOfControl_Tests, Web.Generics.Tests, Version=1.0.0.0, Culture=neutral, PublicKeyToken=null" name="Resolve_Controller_With_Specific_Controller_And_ViewModel" />
    </UnitTest>
    <UnitTest name="Pagesize_10_and_pageindex_1_must_return_7_rows" storage="e:\users\raphael.cruzeiro\documents\projects\open\web.generics\web.generics.tests\bin\debug\web.generics.tests.dll" id="2bbbf406-154d-cfeb-98b8-963991468c1d">
      <Execution id="519bf1a9-d6b8-48c5-8c2f-471b1b85352b" />
      <TestMethod codeBase="E:/Users/raphael.cruzeiro/Documents/Projects/open/Web.Generics/Web.Generics.Tests/bin/Debug/Web.Generics.Tests.DLL" adapterTypeName="Microsoft.VisualStudio.TestTools.TestTypes.Unit.UnitTestAdapter, Microsoft.VisualStudio.QualityTools.Tips.UnitTest.Adapter, Version=10.0.0.0, Culture=neutral, PublicKeyToken=b03f5f7f11d50a3a" className="Web.Generics.Tests.UserInterface.Given_a_repository_with_7_elements, Web.Generics.Tests, Version=1.0.0.0, Culture=neutral, PublicKeyToken=null" name="Pagesize_10_and_pageindex_1_must_return_7_rows" />
    </UnitTest>
    <UnitTest name="Search_with_null_parameters_must_return_all_7_rows" storage="e:\users\raphael.cruzeiro\documents\projects\open\web.generics\web.generics.tests\bin\debug\web.generics.tests.dll" id="168fbeca-bfc1-581c-b9ec-3c4572d00ed1">
      <Execution id="d840a98c-c7c3-4439-a9eb-2b3b4a395520" />
      <TestMethod codeBase="E:/Users/raphael.cruzeiro/Documents/Projects/open/Web.Generics/Web.Generics.Tests/bin/Debug/Web.Generics.Tests.DLL" adapterTypeName="Microsoft.VisualStudio.TestTools.TestTypes.Unit.UnitTestAdapter, Microsoft.VisualStudio.QualityTools.Tips.UnitTest.Adapter, Version=10.0.0.0, Culture=neutral, PublicKeyToken=b03f5f7f11d50a3a" className="Web.Generics.Tests.UserInterface.Given_a_repository_with_7_elements, Web.Generics.Tests, Version=1.0.0.0, Culture=neutral, PublicKeyToken=null" name="Search_with_null_parameters_must_return_all_7_rows" />
    </UnitTest>
    <UnitTest name="Resolve_With_Chaining" storage="e:\users\raphael.cruzeiro\documents\projects\open\web.generics\web.generics.tests\bin\debug\web.generics.tests.dll" id="ef70adab-cbca-46bf-0d19-52da0a032597">
      <Execution id="f005561e-a874-48f1-8a7e-d65f45af879a" />
      <TestMethod codeBase="E:/Users/raphael.cruzeiro/Documents/Projects/open/Web.Generics/Web.Generics.Tests/bin/Debug/Web.Generics.Tests.DLL" adapterTypeName="Microsoft.VisualStudio.TestTools.TestTypes.Unit.UnitTestAdapter, Microsoft.VisualStudio.QualityTools.Tips.UnitTest.Adapter, Version=10.0.0.0, Culture=neutral, PublicKeyToken=b03f5f7f11d50a3a" className="Web.Generics.Tests.Infrastructure_InversionOfControl_Tests, Web.Generics.Tests, Version=1.0.0.0, Culture=neutral, PublicKeyToken=null" name="Resolve_With_Chaining" />
    </UnitTest>
    <UnitTest name="Log" storage="e:\users\raphael.cruzeiro\documents\projects\open\web.generics\web.generics.tests\bin\debug\web.generics.tests.dll" id="3dd40f28-a6cf-b821-cc15-2eeb654b586d">
      <Execution id="e9fdcf2a-a316-4661-bb57-e1152f98d3de" />
      <TestMethod codeBase="E:/Users/raphael.cruzeiro/Documents/Projects/open/Web.Generics/Web.Generics.Tests/bin/Debug/Web.Generics.Tests.DLL" adapterTypeName="Microsoft.VisualStudio.TestTools.TestTypes.Unit.UnitTestAdapter, Microsoft.VisualStudio.QualityTools.Tips.UnitTest.Adapter, Version=10.0.0.0, Culture=neutral, PublicKeyToken=b03f5f7f11d50a3a" className="Web.Generics.Tests.Infrastructure_Logging_Tests, Web.Generics.Tests, Version=1.0.0.0, Culture=neutral, PublicKeyToken=null" name="Log" />
    </UnitTest>
    <UnitTest name="Insert_child_does_not_load_children" storage="e:\users\raphael.cruzeiro\documents\projects\open\web.generics\web.generics.tests\bin\debug\web.generics.tests.dll" id="1e6af77b-1d3b-9555-806e-265331e477a5">
      <Execution id="d19c5dcb-24d1-47de-8e22-3aacab919b63" />
      <TestMethod codeBase="E:/Users/raphael.cruzeiro/Documents/Projects/open/Web.Generics/Web.Generics.Tests/bin/Debug/Web.Generics.Tests.DLL" adapterTypeName="Microsoft.VisualStudio.TestTools.TestTypes.Unit.UnitTestAdapter, Microsoft.VisualStudio.QualityTools.Tips.UnitTest.Adapter, Version=10.0.0.0, Culture=neutral, PublicKeyToken=b03f5f7f11d50a3a" className="Web.Generics.Tests.NHibernateSessionTests, Web.Generics.Tests, Version=1.0.0.0, Culture=neutral, PublicKeyToken=null" name="Insert_child_does_not_load_children" />
    </UnitTest>
    <UnitTest name="Resolve_Controller_With_Generic_Controller_And_Specific_ViewModel" storage="e:\users\raphael.cruzeiro\documents\projects\open\web.generics\web.generics.tests\bin\debug\web.generics.tests.dll" id="700866d8-e2eb-49cb-74d4-1ae85ea12f69">
      <Execution id="659b4190-61a6-48ef-9821-93ddb2f18c2c" />
      <TestMethod codeBase="E:/Users/raphael.cruzeiro/Documents/Projects/open/Web.Generics/Web.Generics.Tests/bin/Debug/Web.Generics.Tests.DLL" adapterTypeName="Microsoft.VisualStudio.TestTools.TestTypes.Unit.UnitTestAdapter, Microsoft.VisualStudio.QualityTools.Tips.UnitTest.Adapter, Version=10.0.0.0, Culture=neutral, PublicKeyToken=b03f5f7f11d50a3a" className="Web.Generics.Tests.Infrastructure_InversionOfControl_Tests, Web.Generics.Tests, Version=1.0.0.0, Culture=neutral, PublicKeyToken=null" name="Resolve_Controller_With_Generic_Controller_And_Specific_ViewModel" />
    </UnitTest>
    <UnitTest name="SelectWithLambdaExpressions" storage="e:\users\raphael.cruzeiro\documents\projects\open\web.generics\web.generics.tests\bin\debug\web.generics.tests.dll" id="e8e3591b-e3ff-7a0c-2871-7ffb31567b9f">
      <Execution id="16a7b6a8-d778-4c57-995c-7f21b31f0eb1" />
      <TestMethod codeBase="E:/Users/raphael.cruzeiro/Documents/Projects/open/Web.Generics/Web.Generics.Tests/bin/Debug/Web.Generics.Tests.DLL" adapterTypeName="Microsoft.VisualStudio.TestTools.TestTypes.Unit.UnitTestAdapter, Microsoft.VisualStudio.QualityTools.Tips.UnitTest.Adapter, Version=10.0.0.0, Culture=neutral, PublicKeyToken=b03f5f7f11d50a3a" className="Web.Generics.Tests.Infrastructure_Repository_Tests, Web.Generics.Tests, Version=1.0.0.0, Culture=neutral, PublicKeyToken=null" name="SelectWithLambdaExpressions" />
    </UnitTest>
    <UnitTest name="Register_with_valid_data_inserts_user_into_database_and_returns_them" storage="e:\users\raphael.cruzeiro\documents\projects\open\web.generics\web.generics.tests\bin\debug\web.generics.tests.dll" id="62e7782a-96ba-f050-32e7-bd90d51e8098">
      <Execution id="a8acba7e-bc15-4de7-b38f-7ec34fcca078" />
      <TestMethod codeBase="E:/Users/raphael.cruzeiro/Documents/Projects/open/Web.Generics/Web.Generics.Tests/bin/Debug/Web.Generics.Tests.DLL" adapterTypeName="Microsoft.VisualStudio.TestTools.TestTypes.Unit.UnitTestAdapter, Microsoft.VisualStudio.QualityTools.Tips.UnitTest.Adapter, Version=10.0.0.0, Culture=neutral, PublicKeyToken=b03f5f7f11d50a3a" className="Web.Generics.Tests.Authentication.MembershipServicesTests, Web.Generics.Tests, Version=1.0.0.0, Culture=neutral, PublicKeyToken=null" name="Register_with_valid_data_inserts_user_into_database_and_returns_them" />
    </UnitTest>
    <UnitTest name="Paging" storage="e:\users\raphael.cruzeiro\documents\projects\open\web.generics\web.generics.tests\bin\debug\web.generics.tests.dll" id="6631986b-0730-1229-232f-35d009da40d6">
      <Execution id="4f2fe25d-343f-47ed-94d2-6b47e46650ae" />
      <TestMethod codeBase="E:/Users/raphael.cruzeiro/Documents/Projects/open/Web.Generics/Web.Generics.Tests/bin/Debug/Web.Generics.Tests.DLL" adapterTypeName="Microsoft.VisualStudio.TestTools.TestTypes.Unit.UnitTestAdapter, Microsoft.VisualStudio.QualityTools.Tips.UnitTest.Adapter, Version=10.0.0.0, Culture=neutral, PublicKeyToken=b03f5f7f11d50a3a" className="Web.Generics.Tests.UserInterface_Grids, Web.Generics.Tests, Version=1.0.0.0, Culture=neutral, PublicKeyToken=null" name="Paging" />
    </UnitTest>
    <UnitTest name="Log_With_Aspect" storage="e:\users\raphael.cruzeiro\documents\projects\open\web.generics\web.generics.tests\bin\debug\web.generics.tests.dll" id="b6819492-f9db-dcf2-0ded-3161c5b9aa32">
      <Execution id="610ee40d-8192-4ac8-9ba9-db494d7f7990" />
      <TestMethod codeBase="E:/Users/raphael.cruzeiro/Documents/Projects/open/Web.Generics/Web.Generics.Tests/bin/Debug/Web.Generics.Tests.DLL" adapterTypeName="Microsoft.VisualStudio.TestTools.TestTypes.Unit.UnitTestAdapter, Microsoft.VisualStudio.QualityTools.Tips.UnitTest.Adapter, Version=10.0.0.0, Culture=neutral, PublicKeyToken=b03f5f7f11d50a3a" className="Web.Generics.Tests.Infrastructure_Logging_Tests, Web.Generics.Tests, Version=1.0.0.0, Culture=neutral, PublicKeyToken=null" name="Log_With_Aspect" />
    </UnitTest>
    <UnitTest name="Default_paginginfo_is_pageindex_1_and_pagesize_10_with_paging_disabled" storage="e:\users\raphael.cruzeiro\documents\projects\open\web.generics\web.generics.tests\bin\debug\web.generics.tests.dll" id="a7821dd2-9252-958d-d6a8-4c25750f0215">
      <Execution id="707c3836-f9b2-4724-8356-5149da69e1ed" />
      <TestMethod codeBase="E:/Users/raphael.cruzeiro/Documents/Projects/open/Web.Generics/Web.Generics.Tests/bin/Debug/Web.Generics.Tests.DLL" adapterTypeName="Microsoft.VisualStudio.TestTools.TestTypes.Unit.UnitTestAdapter, Microsoft.VisualStudio.QualityTools.Tips.UnitTest.Adapter, Version=10.0.0.0, Culture=neutral, PublicKeyToken=b03f5f7f11d50a3a" className="Web.Generics.Tests.UserInterface.Given_a_repository_with_7_elements, Web.Generics.Tests, Version=1.0.0.0, Culture=neutral, PublicKeyToken=null" name="Default_paginginfo_is_pageindex_1_and_pagesize_10_with_paging_disabled" />
    </UnitTest>
    <UnitTest name="Add_Comment_In_Post" storage="e:\users\raphael.cruzeiro\documents\projects\open\web.generics\web.generics.tests\bin\debug\web.generics.tests.dll" id="b4297581-ff1b-3999-5fd8-95b6036938c0">
      <Execution id="823d2ddc-8a43-4a16-a14a-2d170af33491" />
      <TestMethod codeBase="E:/Users/raphael.cruzeiro/Documents/Projects/open/Web.Generics/Web.Generics.Tests/bin/Debug/Web.Generics.Tests.DLL" adapterTypeName="Microsoft.VisualStudio.TestTools.TestTypes.Unit.UnitTestAdapter, Microsoft.VisualStudio.QualityTools.Tips.UnitTest.Adapter, Version=10.0.0.0, Culture=neutral, PublicKeyToken=b03f5f7f11d50a3a" className="Inspira.Blog.Tests.Blog_Services, Web.Generics.Tests, Version=1.0.0.0, Culture=neutral, PublicKeyToken=null" name="Add_Comment_In_Post" />
    </UnitTest>
    <UnitTest name="InsertPostWithExistingTagsAndComments" storage="e:\users\raphael.cruzeiro\documents\projects\open\web.generics\web.generics.tests\bin\debug\web.generics.tests.dll" id="a2c49a2b-d39d-2796-5d55-e3bc20513b27">
      <Execution id="5c61667d-8a94-4700-b49d-ff201aa4b345" />
      <TestMethod codeBase="E:/Users/raphael.cruzeiro/Documents/Projects/open/Web.Generics/Web.Generics.Tests/bin/Debug/Web.Generics.Tests.DLL" adapterTypeName="Microsoft.VisualStudio.TestTools.TestTypes.Unit.UnitTestAdapter, Microsoft.VisualStudio.QualityTools.Tips.UnitTest.Adapter, Version=10.0.0.0, Culture=neutral, PublicKeyToken=b03f5f7f11d50a3a" className="Web.Generics.Tests.Infrastructure_Repository_Tests, Web.Generics.Tests, Version=1.0.0.0, Culture=neutral, PublicKeyToken=null" name="InsertPostWithExistingTagsAndComments" />
    </UnitTest>
    <UnitTest name="Pagesize_10_and_pageindex_2_must_yield_page_1" storage="e:\users\raphael.cruzeiro\documents\projects\open\web.generics\web.generics.tests\bin\debug\web.generics.tests.dll" id="4e379a55-99f6-73bf-d87b-986cf08e255e">
      <Execution id="8da7e95d-2fa1-4b20-ae51-2a40bae2ec44" />
      <TestMethod codeBase="E:/Users/raphael.cruzeiro/Documents/Projects/open/Web.Generics/Web.Generics.Tests/bin/Debug/Web.Generics.Tests.DLL" adapterTypeName="Microsoft.VisualStudio.TestTools.TestTypes.Unit.UnitTestAdapter, Microsoft.VisualStudio.QualityTools.Tips.UnitTest.Adapter, Version=10.0.0.0, Culture=neutral, PublicKeyToken=b03f5f7f11d50a3a" className="Web.Generics.Tests.UserInterface.Given_a_repository_with_7_elements, Web.Generics.Tests, Version=1.0.0.0, Culture=neutral, PublicKeyToken=null" name="Pagesize_10_and_pageindex_2_must_yield_page_1" />
    </UnitTest>
    <UnitTest name="Pagesize_2_and_pageindex_2_order_by_ID_asc_yields_ids_3_and_4" storage="e:\users\raphael.cruzeiro\documents\projects\open\web.generics\web.generics.tests\bin\debug\web.generics.tests.dll" id="373d2bfa-dc22-934f-5046-20f337ec11ab">
      <Execution id="37222734-bba1-4547-9c4d-b39c50783b32" />
      <TestMethod codeBase="E:/Users/raphael.cruzeiro/Documents/Projects/open/Web.Generics/Web.Generics.Tests/bin/Debug/Web.Generics.Tests.DLL" adapterTypeName="Microsoft.VisualStudio.TestTools.TestTypes.Unit.UnitTestAdapter, Microsoft.VisualStudio.QualityTools.Tips.UnitTest.Adapter, Version=10.0.0.0, Culture=neutral, PublicKeyToken=b03f5f7f11d50a3a" className="Web.Generics.Tests.UserInterface.Given_a_repository_with_7_elements, Web.Generics.Tests, Version=1.0.0.0, Culture=neutral, PublicKeyToken=null" name="Pagesize_2_and_pageindex_2_order_by_ID_asc_yields_ids_3_and_4" />
    </UnitTest>
    <UnitTest name="Show_Items_In_Grid" storage="e:\users\raphael.cruzeiro\documents\projects\open\web.generics\web.generics.tests\bin\debug\web.generics.tests.dll" id="51ec1ccd-48f5-8524-1192-acdbaed7610f">
      <Execution id="9660c434-6d1f-4adb-8300-b9b7c8df27b1" />
      <TestMethod codeBase="E:/Users/raphael.cruzeiro/Documents/Projects/open/Web.Generics/Web.Generics.Tests/bin/Debug/Web.Generics.Tests.DLL" adapterTypeName="Microsoft.VisualStudio.TestTools.TestTypes.Unit.UnitTestAdapter, Microsoft.VisualStudio.QualityTools.Tips.UnitTest.Adapter, Version=10.0.0.0, Culture=neutral, PublicKeyToken=b03f5f7f11d50a3a" className="Web.Generics.Tests.UserInterface_Grids, Web.Generics.Tests, Version=1.0.0.0, Culture=neutral, PublicKeyToken=null" name="Show_Items_In_Grid" />
    </UnitTest>
    <UnitTest name="InsertPostWithNewTagsAndComments" storage="e:\users\raphael.cruzeiro\documents\projects\open\web.generics\web.generics.tests\bin\debug\web.generics.tests.dll" id="ca9b6d7d-c72c-ffd4-9266-ae65f3adb659">
      <Execution id="7acff119-1660-47a2-ade6-929b351b8c3c" />
      <TestMethod codeBase="E:/Users/raphael.cruzeiro/Documents/Projects/open/Web.Generics/Web.Generics.Tests/bin/Debug/Web.Generics.Tests.DLL" adapterTypeName="Microsoft.VisualStudio.TestTools.TestTypes.Unit.UnitTestAdapter, Microsoft.VisualStudio.QualityTools.Tips.UnitTest.Adapter, Version=10.0.0.0, Culture=neutral, PublicKeyToken=b03f5f7f11d50a3a" className="Web.Generics.Tests.Infrastructure_Repository_Tests, Web.Generics.Tests, Version=1.0.0.0, Culture=neutral, PublicKeyToken=null" name="InsertPostWithNewTagsAndComments" />
    </UnitTest>
    <UnitTest name="Order_by_ID_desc_must_return_7_items_in_descending_order" storage="e:\users\raphael.cruzeiro\documents\projects\open\web.generics\web.generics.tests\bin\debug\web.generics.tests.dll" id="2c5bb296-3514-19d6-f667-9488bbac924d">
      <Execution id="53417aa6-3749-461b-a6ba-46da9b658837" />
      <TestMethod codeBase="E:/Users/raphael.cruzeiro/Documents/Projects/open/Web.Generics/Web.Generics.Tests/bin/Debug/Web.Generics.Tests.DLL" adapterTypeName="Microsoft.VisualStudio.TestTools.TestTypes.Unit.UnitTestAdapter, Microsoft.VisualStudio.QualityTools.Tips.UnitTest.Adapter, Version=10.0.0.0, Culture=neutral, PublicKeyToken=b03f5f7f11d50a3a" className="Web.Generics.Tests.UserInterface.Given_a_repository_with_7_elements, Web.Generics.Tests, Version=1.0.0.0, Culture=neutral, PublicKeyToken=null" name="Order_by_ID_desc_must_return_7_items_in_descending_order" />
    </UnitTest>
  </TestDefinitions>
  <TestLists>
    <TestList name="Results Not in a List" id="8c84fa94-04c1-424b-9868-57a2d4851a1d" />
    <TestList name="All Loaded Results" id="19431567-8539-422a-85d7-44ee4e166bda" />
  </TestLists>
  <TestEntries>
    <TestEntry testId="168fbeca-bfc1-581c-b9ec-3c4572d00ed1" executionId="d840a98c-c7c3-4439-a9eb-2b3b4a395520" testListId="8c84fa94-04c1-424b-9868-57a2d4851a1d" />
    <TestEntry testId="1e6af77b-1d3b-9555-806e-265331e477a5" executionId="d19c5dcb-24d1-47de-8e22-3aacab919b63" testListId="8c84fa94-04c1-424b-9868-57a2d4851a1d" />
    <TestEntry testId="20883c91-712f-7bd9-84c5-0e6b4f0b789d" executionId="bc9e9b75-f92c-4970-9968-661a50f9e19d" testListId="8c84fa94-04c1-424b-9868-57a2d4851a1d" />
    <TestEntry testId="26b86960-9ce0-9813-79f0-22eb253ddaa4" executionId="8ccc1b4f-b51a-49b2-97ad-8665977f019c" testListId="8c84fa94-04c1-424b-9868-57a2d4851a1d" />
    <TestEntry testId="2bbbf406-154d-cfeb-98b8-963991468c1d" executionId="519bf1a9-d6b8-48c5-8c2f-471b1b85352b" testListId="8c84fa94-04c1-424b-9868-57a2d4851a1d" />
    <TestEntry testId="2c5bb296-3514-19d6-f667-9488bbac924d" executionId="53417aa6-3749-461b-a6ba-46da9b658837" testListId="8c84fa94-04c1-424b-9868-57a2d4851a1d" />
    <TestEntry testId="32bcb943-d87d-582b-883d-16c950347d82" executionId="1aa29a10-48f4-4921-8c2f-cb0169c5d02f" testListId="8c84fa94-04c1-424b-9868-57a2d4851a1d" />
    <TestEntry testId="373d2bfa-dc22-934f-5046-20f337ec11ab" executionId="37222734-bba1-4547-9c4d-b39c50783b32" testListId="8c84fa94-04c1-424b-9868-57a2d4851a1d" />
    <TestEntry testId="3dd40f28-a6cf-b821-cc15-2eeb654b586d" executionId="e9fdcf2a-a316-4661-bb57-e1152f98d3de" testListId="8c84fa94-04c1-424b-9868-57a2d4851a1d" />
    <TestEntry testId="4e379a55-99f6-73bf-d87b-986cf08e255e" executionId="8da7e95d-2fa1-4b20-ae51-2a40bae2ec44" testListId="8c84fa94-04c1-424b-9868-57a2d4851a1d" />
    <TestEntry testId="51ec1ccd-48f5-8524-1192-acdbaed7610f" executionId="9660c434-6d1f-4adb-8300-b9b7c8df27b1" testListId="8c84fa94-04c1-424b-9868-57a2d4851a1d" />
    <TestEntry testId="62e7782a-96ba-f050-32e7-bd90d51e8098" executionId="a8acba7e-bc15-4de7-b38f-7ec34fcca078" testListId="8c84fa94-04c1-424b-9868-57a2d4851a1d" />
    <TestEntry testId="6631986b-0730-1229-232f-35d009da40d6" executionId="4f2fe25d-343f-47ed-94d2-6b47e46650ae" testListId="8c84fa94-04c1-424b-9868-57a2d4851a1d" />
    <TestEntry testId="6d4cc1b8-84b5-98a2-bb17-b334fc688462" executionId="f8e263bb-992a-4a85-94b8-7c188b401744" testListId="8c84fa94-04c1-424b-9868-57a2d4851a1d" />
    <TestEntry testId="700866d8-e2eb-49cb-74d4-1ae85ea12f69" executionId="659b4190-61a6-48ef-9821-93ddb2f18c2c" testListId="8c84fa94-04c1-424b-9868-57a2d4851a1d" />
    <TestEntry testId="8aafd531-d21c-00a8-ee90-e1b37e3a3694" executionId="e586f5cf-fec3-4ba8-837e-750e4fbe5c65" testListId="8c84fa94-04c1-424b-9868-57a2d4851a1d" />
    <TestEntry testId="9fc42f36-ca29-aff9-0c1e-58648d096479" executionId="ce15f7ea-ab1d-4f93-a131-d9ee8a14294d" testListId="8c84fa94-04c1-424b-9868-57a2d4851a1d" />
    <TestEntry testId="a2c49a2b-d39d-2796-5d55-e3bc20513b27" executionId="5c61667d-8a94-4700-b49d-ff201aa4b345" testListId="8c84fa94-04c1-424b-9868-57a2d4851a1d" />
    <TestEntry testId="a7821dd2-9252-958d-d6a8-4c25750f0215" executionId="707c3836-f9b2-4724-8356-5149da69e1ed" testListId="8c84fa94-04c1-424b-9868-57a2d4851a1d" />
    <TestEntry testId="aac57191-7373-4d93-174a-e11b361b9a1b" executionId="97178b29-3fcd-46da-8579-d9766209e7e4" testListId="8c84fa94-04c1-424b-9868-57a2d4851a1d" />
    <TestEntry testId="afec351d-c5bd-e807-4f9f-6c708da25c8f" executionId="64b551f4-9987-451b-9296-a99bb129ed28" testListId="8c84fa94-04c1-424b-9868-57a2d4851a1d" />
    <TestEntry testId="b4297581-ff1b-3999-5fd8-95b6036938c0" executionId="823d2ddc-8a43-4a16-a14a-2d170af33491" testListId="8c84fa94-04c1-424b-9868-57a2d4851a1d" />
    <TestEntry testId="b6819492-f9db-dcf2-0ded-3161c5b9aa32" executionId="610ee40d-8192-4ac8-9ba9-db494d7f7990" testListId="8c84fa94-04c1-424b-9868-57a2d4851a1d" />
    <TestEntry testId="ca9b6d7d-c72c-ffd4-9266-ae65f3adb659" executionId="7acff119-1660-47a2-ade6-929b351b8c3c" testListId="8c84fa94-04c1-424b-9868-57a2d4851a1d" />
    <TestEntry testId="e7a87bf2-4851-5b1c-7df0-92fdcafd03ca" executionId="2ea5f63d-8910-4e48-8704-1f56323e2ba5" testListId="8c84fa94-04c1-424b-9868-57a2d4851a1d" />
    <TestEntry testId="e8e3591b-e3ff-7a0c-2871-7ffb31567b9f" executionId="16a7b6a8-d778-4c57-995c-7f21b31f0eb1" testListId="8c84fa94-04c1-424b-9868-57a2d4851a1d" />
    <TestEntry testId="ef70adab-cbca-46bf-0d19-52da0a032597" executionId="f005561e-a874-48f1-8a7e-d65f45af879a" testListId="8c84fa94-04c1-424b-9868-57a2d4851a1d" />
  </TestEntries>
  <Results>
    <UnitTestResult executionId="d840a98c-c7c3-4439-a9eb-2b3b4a395520" testId="168fbeca-bfc1-581c-b9ec-3c4572d00ed1" testName="Search_with_null_parameters_must_return_all_7_rows" computerName="PIANO" duration="00:00:00.0784144" startTime="2010-10-25T18:03:31.6290535-02:00" endTime="2010-10-25T18:03:32.9375635-02:00" testType="13cdc9d9-ddb5-4fa4-a97d-d965ccfc6d4b" outcome="Passed" testListId="8c84fa94-04c1-424b-9868-57a2d4851a1d" relativeResultsDirectory="d840a98c-c7c3-4439-a9eb-2b3b4a395520">
    </UnitTestResult>
    <UnitTestResult executionId="d19c5dcb-24d1-47de-8e22-3aacab919b63" testId="1e6af77b-1d3b-9555-806e-265331e477a5" testName="Insert_child_does_not_load_children" computerName="PIANO" duration="00:00:05.1565612" startTime="2010-10-25T18:03:32.9463520-02:00" endTime="2010-10-25T18:03:38.1120370-02:00" testType="13cdc9d9-ddb5-4fa4-a97d-d965ccfc6d4b" outcome="Failed" testListId="8c84fa94-04c1-424b-9868-57a2d4851a1d" relativeResultsDirectory="d19c5dcb-24d1-47de-8e22-3aacab919b63">
      <Output>
        <ErrorInfo>
          <Message>Initialization method Web.Generics.Tests.NHibernateSessionTests.Initialize threw exception. System.NullReferenceException: System.NullReferenceException: Object reference not set to an instance of an object..</Message>
          <StackTrace>    at Web.Generics.Tests.NHibernateSessionTests.Initialize() in E:\Users\raphael.cruzeiro\Documents\Projects\open\Web.Generics\Web.Generics.Tests\NHibernateSessionTests.cs:line 23
</StackTrace>
        </ErrorInfo>
      </Output>
    </UnitTestResult>
    <UnitTestResult executionId="bc9e9b75-f92c-4970-9968-661a50f9e19d" testId="20883c91-712f-7bd9-84c5-0e6b4f0b789d" testName="Default_sortinginfo_is_null_property_ascending_with_sorting_disabled" computerName="PIANO" duration="00:00:02.3058673" startTime="2010-10-25T18:03:38.1237550-02:00" endTime="2010-10-25T18:03:40.4488015-02:00" testType="13cdc9d9-ddb5-4fa4-a97d-d965ccfc6d4b" outcome="Failed" testListId="8c84fa94-04c1-424b-9868-57a2d4851a1d" relativeResultsDirectory="bc9e9b75-f92c-4970-9968-661a50f9e19d">
      <Output>
        <ErrorInfo>
          <Message>Assert.AreEqual failed. Expected:&lt;Ascending&gt;. Actual:&lt;(null)&gt;. </Message>
          <StackTrace>   at Web.Generics.Tests.UserInterface.Given_a_repository_with_7_elements.Default_sortinginfo_is_null_property_ascending_with_sorting_disabled() in E:\Users\raphael.cruzeiro\Documents\Projects\open\Web.Generics\Web.Generics.Tests\UserInterface\Page_Sort_Filter.cs:line 78
</StackTrace>
        </ErrorInfo>
      </Output>
    </UnitTestResult>
    <UnitTestResult executionId="8ccc1b4f-b51a-49b2-97ad-8665977f019c" testId="26b86960-9ce0-9813-79f0-22eb253ddaa4" testName="Register_Interface_And_Resolve_To_Implementation_Without_Chaining" computerName="PIANO" duration="00:00:01.3564274" startTime="2010-10-25T18:03:40.4712610-02:00" endTime="2010-10-25T18:03:41.8549615-02:00" testType="13cdc9d9-ddb5-4fa4-a97d-d965ccfc6d4b" outcome="Failed" testListId="8c84fa94-04c1-424b-9868-57a2d4851a1d" relativeResultsDirectory="8ccc1b4f-b51a-49b2-97ad-8665977f019c">
      <Output>
        <ErrorInfo>
          <Message>Test method Web.Generics.Tests.Infrastructure_InversionOfControl_Tests.Register_Interface_And_Resolve_To_Implementation_Without_Chaining threw exception: 
System.NullReferenceException: Object reference not set to an instance of an object.</Message>
          <StackTrace>    at Web.Generics.Tests.Infrastructure_InversionOfControl_Tests.Register_Interface_And_Resolve_To_Implementation_Without_Chaining() in E:\Users\raphael.cruzeiro\Documents\Projects\open\Web.Generics\Web.Generics.Tests\Infrastructure_InversionOfControl_Tests.cs:line 43
</StackTrace>
        </ErrorInfo>
      </Output>
    </UnitTestResult>
    <UnitTestResult executionId="519bf1a9-d6b8-48c5-8c2f-471b1b85352b" testId="2bbbf406-154d-cfeb-98b8-963991468c1d" testName="Pagesize_10_and_pageindex_1_must_return_7_rows" computerName="PIANO" duration="00:00:00.0007316" startTime="2010-10-25T18:03:41.8637500-02:00" endTime="2010-10-25T18:03:41.8764445-02:00" testType="13cdc9d9-ddb5-4fa4-a97d-d965ccfc6d4b" outcome="Passed" testListId="8c84fa94-04c1-424b-9868-57a2d4851a1d" relativeResultsDirectory="519bf1a9-d6b8-48c5-8c2f-471b1b85352b">
    </UnitTestResult>
    <UnitTestResult executionId="53417aa6-3749-461b-a6ba-46da9b658837" testId="2c5bb296-3514-19d6-f667-9488bbac924d" testName="Order_by_ID_desc_must_return_7_items_in_descending_order" computerName="PIANO" duration="00:00:00.0477845" startTime="2010-10-25T18:03:41.8813270-02:00" endTime="2010-10-25T18:03:41.9418700-02:00" testType="13cdc9d9-ddb5-4fa4-a97d-d965ccfc6d4b" outcome="Passed" testListId="8c84fa94-04c1-424b-9868-57a2d4851a1d" relativeResultsDirectory="53417aa6-3749-461b-a6ba-46da9b658837">
    </UnitTestResult>
    <UnitTestResult executionId="1aa29a10-48f4-4921-8c2f-cb0169c5d02f" testId="32bcb943-d87d-582b-883d-16c950347d82" testName="Register_with_existing_username_returns_ExistingUsername_state" computerName="PIANO" startTime="2010-10-25T18:03:41.9487055-02:00" endTime="2010-10-25T18:03:42.7123285-02:00" testType="13cdc9d9-ddb5-4fa4-a97d-d965ccfc6d4b" testListId="8c84fa94-04c1-424b-9868-57a2d4851a1d" relativeResultsDirectory="1aa29a10-48f4-4921-8c2f-cb0169c5d02f">
      <Output>
        <ErrorInfo>
          <Message>Unit Test Adapter threw exception: 
Type is not resolved for member 'NHibernate.Cfg.HibernateConfigException,NHibernate, Version=3.0.0.2001, Culture=neutral, PublicKeyToken=aa95f207798dfdb4'..</Message>
        </ErrorInfo>
      </Output>
    </UnitTestResult>
    <UnitTestResult executionId="37222734-bba1-4547-9c4d-b39c50783b32" testId="373d2bfa-dc22-934f-5046-20f337ec11ab" testName="Pagesize_2_and_pageindex_2_order_by_ID_asc_yields_ids_3_and_4" computerName="PIANO" duration="00:00:00.0036557" startTime="2010-10-25T18:03:42.7220935-02:00" endTime="2010-10-25T18:03:42.7347880-02:00" testType="13cdc9d9-ddb5-4fa4-a97d-d965ccfc6d4b" outcome="Passed" testListId="8c84fa94-04c1-424b-9868-57a2d4851a1d" relativeResultsDirectory="37222734-bba1-4547-9c4d-b39c50783b32">
    </UnitTestResult>
    <UnitTestResult executionId="e9fdcf2a-a316-4661-bb57-e1152f98d3de" testId="3dd40f28-a6cf-b821-cc15-2eeb654b586d" testName="Log" computerName="PIANO" duration="00:00:00.0012166" startTime="2010-10-25T18:03:42.7416235-02:00" endTime="2010-10-25T18:03:42.7523650-02:00" testType="13cdc9d9-ddb5-4fa4-a97d-d965ccfc6d4b" outcome="Passed" testListId="8c84fa94-04c1-424b-9868-57a2d4851a1d" relativeResultsDirectory="e9fdcf2a-a316-4661-bb57-e1152f98d3de">
    </UnitTestResult>
    <UnitTestResult executionId="8da7e95d-2fa1-4b20-ae51-2a40bae2ec44" testId="4e379a55-99f6-73bf-d87b-986cf08e255e" testName="Pagesize_10_and_pageindex_2_must_yield_page_1" computerName="PIANO" duration="00:00:02.4373440" startTime="2010-10-25T18:03:42.7601770-02:00" endTime="2010-10-25T18:03:45.1975210-02:00" testType="13cdc9d9-ddb5-4fa4-a97d-d965ccfc6d4b" outcome="Aborted" testListId="8c84fa94-04c1-424b-9868-57a2d4851a1d" relativeResultsDirectory="8da7e95d-2fa1-4b20-ae51-2a40bae2ec44">
    </UnitTestResult>
    <UnitTestResult executionId="9660c434-6d1f-4adb-8300-b9b7c8df27b1" testId="51ec1ccd-48f5-8524-1192-acdbaed7610f" testName="Show_Items_In_Grid" computerName="PIANO" testType="13cdc9d9-ddb5-4fa4-a97d-d965ccfc6d4b" outcome="NotExecuted" testListId="8c84fa94-04c1-424b-9868-57a2d4851a1d" relativeResultsDirectory="9660c434-6d1f-4adb-8300-b9b7c8df27b1">
    </UnitTestResult>
    <UnitTestResult executionId="a8acba7e-bc15-4de7-b38f-7ec34fcca078" testId="62e7782a-96ba-f050-32e7-bd90d51e8098" testName="Register_with_valid_data_inserts_user_into_database_and_returns_them" computerName="PIANO" testType="13cdc9d9-ddb5-4fa4-a97d-d965ccfc6d4b" outcome="NotExecuted" testListId="8c84fa94-04c1-424b-9868-57a2d4851a1d" relativeResultsDirectory="a8acba7e-bc15-4de7-b38f-7ec34fcca078">
    </UnitTestResult>
    <UnitTestResult executionId="4f2fe25d-343f-47ed-94d2-6b47e46650ae" testId="6631986b-0730-1229-232f-35d009da40d6" testName="Paging" computerName="PIANO" testType="13cdc9d9-ddb5-4fa4-a97d-d965ccfc6d4b" outcome="NotExecuted" testListId="8c84fa94-04c1-424b-9868-57a2d4851a1d" relativeResultsDirectory="4f2fe25d-343f-47ed-94d2-6b47e46650ae">
    </UnitTestResult>
    <UnitTestResult executionId="f8e263bb-992a-4a85-94b8-7c188b401744" testId="6d4cc1b8-84b5-98a2-bb17-b334fc688462" testName="All_null_parameters_brings_all_values" computerName="PIANO" testType="13cdc9d9-ddb5-4fa4-a97d-d965ccfc6d4b" outcome="NotExecuted" testListId="8c84fa94-04c1-424b-9868-57a2d4851a1d" relativeResultsDirectory="f8e263bb-992a-4a85-94b8-7c188b401744">
    </UnitTestResult>
    <UnitTestResult executionId="659b4190-61a6-48ef-9821-93ddb2f18c2c" testId="700866d8-e2eb-49cb-74d4-1ae85ea12f69" testName="Resolve_Controller_With_Generic_Controller_And_Specific_ViewModel" computerName="PIANO" testType="13cdc9d9-ddb5-4fa4-a97d-d965ccfc6d4b" outcome="NotExecuted" testListId="8c84fa94-04c1-424b-9868-57a2d4851a1d" relativeResultsDirectory="659b4190-61a6-48ef-9821-93ddb2f18c2c">
    </UnitTestResult>
    <UnitTestResult executionId="e586f5cf-fec3-4ba8-837e-750e4fbe5c65" testId="8aafd531-d21c-00a8-ee90-e1b37e3a3694" testName="List_Posts_By_Date_Range" computerName="PIANO" testType="13cdc9d9-ddb5-4fa4-a97d-d965ccfc6d4b" outcome="NotExecuted" testListId="8c84fa94-04c1-424b-9868-57a2d4851a1d" relativeResultsDirectory="e586f5cf-fec3-4ba8-837e-750e4fbe5c65">
    </UnitTestResult>
    <UnitTestResult executionId="ce15f7ea-ab1d-4f93-a131-d9ee8a14294d" testId="9fc42f36-ca29-aff9-0c1e-58648d096479" testName="Resolve_Controller_With_Generic_Implementations" computerName="PIANO" testType="13cdc9d9-ddb5-4fa4-a97d-d965ccfc6d4b" outcome="NotExecuted" testListId="8c84fa94-04c1-424b-9868-57a2d4851a1d" relativeResultsDirectory="ce15f7ea-ab1d-4f93-a131-d9ee8a14294d">
    </UnitTestResult>
    <UnitTestResult executionId="5c61667d-8a94-4700-b49d-ff201aa4b345" testId="a2c49a2b-d39d-2796-5d55-e3bc20513b27" testName="InsertPostWithExistingTagsAndComments" computerName="PIANO" testType="13cdc9d9-ddb5-4fa4-a97d-d965ccfc6d4b" outcome="NotExecuted" testListId="8c84fa94-04c1-424b-9868-57a2d4851a1d" relativeResultsDirectory="5c61667d-8a94-4700-b49d-ff201aa4b345">
    </UnitTestResult>
    <UnitTestResult executionId="707c3836-f9b2-4724-8356-5149da69e1ed" testId="a7821dd2-9252-958d-d6a8-4c25750f0215" testName="Default_paginginfo_is_pageindex_1_and_pagesize_10_with_paging_disabled" computerName="PIANO" testType="13cdc9d9-ddb5-4fa4-a97d-d965ccfc6d4b" outcome="NotExecuted" testListId="8c84fa94-04c1-424b-9868-57a2d4851a1d" relativeResultsDirectory="707c3836-f9b2-4724-8356-5149da69e1ed">
    </UnitTestResult>
    <UnitTestResult executionId="97178b29-3fcd-46da-8579-d9766209e7e4" testId="aac57191-7373-4d93-174a-e11b361b9a1b" testName="Insert_child_does_not_load_children_v2" computerName="PIANO" testType="13cdc9d9-ddb5-4fa4-a97d-d965ccfc6d4b" outcome="NotExecuted" testListId="8c84fa94-04c1-424b-9868-57a2d4851a1d" relativeResultsDirectory="97178b29-3fcd-46da-8579-d9766209e7e4">
    </UnitTestResult>
    <UnitTestResult executionId="64b551f4-9987-451b-9296-a99bb129ed28" testId="afec351d-c5bd-e807-4f9f-6c708da25c8f" testName="InsertPostWithNullableProperty" computerName="PIANO" testType="13cdc9d9-ddb5-4fa4-a97d-d965ccfc6d4b" outcome="NotExecuted" testListId="8c84fa94-04c1-424b-9868-57a2d4851a1d" relativeResultsDirectory="64b551f4-9987-451b-9296-a99bb129ed28">
    </UnitTestResult>
    <UnitTestResult executionId="823d2ddc-8a43-4a16-a14a-2d170af33491" testId="b4297581-ff1b-3999-5fd8-95b6036938c0" testName="Add_Comment_In_Post" computerName="PIANO" testType="13cdc9d9-ddb5-4fa4-a97d-d965ccfc6d4b" outcome="NotExecuted" testListId="8c84fa94-04c1-424b-9868-57a2d4851a1d" relativeResultsDirectory="823d2ddc-8a43-4a16-a14a-2d170af33491">
    </UnitTestResult>
    <UnitTestResult executionId="610ee40d-8192-4ac8-9ba9-db494d7f7990" testId="b6819492-f9db-dcf2-0ded-3161c5b9aa32" testName="Log_With_Aspect" computerName="PIANO" testType="13cdc9d9-ddb5-4fa4-a97d-d965ccfc6d4b" outcome="NotExecuted" testListId="8c84fa94-04c1-424b-9868-57a2d4851a1d" relativeResultsDirectory="610ee40d-8192-4ac8-9ba9-db494d7f7990">
    </UnitTestResult>
    <UnitTestResult executionId="7acff119-1660-47a2-ade6-929b351b8c3c" testId="ca9b6d7d-c72c-ffd4-9266-ae65f3adb659" testName="InsertPostWithNewTagsAndComments" computerName="PIANO" testType="13cdc9d9-ddb5-4fa4-a97d-d965ccfc6d4b" outcome="NotExecuted" testListId="8c84fa94-04c1-424b-9868-57a2d4851a1d" relativeResultsDirectory="7acff119-1660-47a2-ade6-929b351b8c3c">
    </UnitTestResult>
    <UnitTestResult executionId="2ea5f63d-8910-4e48-8704-1f56323e2ba5" testId="e7a87bf2-4851-5b1c-7df0-92fdcafd03ca" testName="Resolve_Controller_With_Specific_Controller_And_ViewModel" computerName="PIANO" testType="13cdc9d9-ddb5-4fa4-a97d-d965ccfc6d4b" outcome="NotExecuted" testListId="8c84fa94-04c1-424b-9868-57a2d4851a1d" relativeResultsDirectory="2ea5f63d-8910-4e48-8704-1f56323e2ba5">
    </UnitTestResult>
    <UnitTestResult executionId="16a7b6a8-d778-4c57-995c-7f21b31f0eb1" testId="e8e3591b-e3ff-7a0c-2871-7ffb31567b9f" testName="SelectWithLambdaExpressions" computerName="PIANO" testType="13cdc9d9-ddb5-4fa4-a97d-d965ccfc6d4b" outcome="NotExecuted" testListId="8c84fa94-04c1-424b-9868-57a2d4851a1d" relativeResultsDirectory="16a7b6a8-d778-4c57-995c-7f21b31f0eb1">
    </UnitTestResult>
    <UnitTestResult executionId="f005561e-a874-48f1-8a7e-d65f45af879a" testId="ef70adab-cbca-46bf-0d19-52da0a032597" testName="Resolve_With_Chaining" computerName="PIANO" testType="13cdc9d9-ddb5-4fa4-a97d-d965ccfc6d4b" outcome="NotExecuted" testListId="8c84fa94-04c1-424b-9868-57a2d4851a1d" relativeResultsDirectory="f005561e-a874-48f1-8a7e-d65f45af879a">
    </UnitTestResult>
  </Results>
</TestRun>