<?xml version="1.0" encoding="UTF-8"?>
<TestRun id="4c9449c4-753a-4c09-ad79-ebac78897957" name="thiago.alves@CLARINETE 2010-10-29 12:20:30" runUser="Clarinete\thiago.alves" xmlns="http://microsoft.com/schemas/VisualStudio/TeamTest/2010">
  <TestSettings name="Default Test Settings" id="42df8816-656f-4134-ae9e-1d7b3e65e41b">
    <Deployment runDeploymentRoot="thiago.alves_CLARINETE 2010-10-29 12_20_30">
      <DeploymentItem filename="C:\Users\thiago.alves\Projects\Web.Generics\lib\NHibernate\System.Data.SQLite.dll" />
      <DeploymentItem filename="C:\Users\thiago.alves\Projects\Web.Generics\Inspira.Blog.DomainModel\bin\Debug\Inspira.Blog.DomainModel.dll" />
      <DeploymentItem filename="C:\Users\thiago.alves\Projects\Web.Generics\lib\NHibernate\log4net.dll" />
      <DeploymentItem filename="C:\Users\thiago.alves\Projects\Web.Generics\lib\NHibernate\NHibernate.dll" />
      <DeploymentItem filename="C:\Users\thiago.alves\Projects\Web.Generics\Web.Generics\bin\Debug\Web.Generics.dll" />
      <DeploymentItem filename="C:\Users\thiago.alves\Projects\Web.Generics\lib\NHibernate\NHibernate.ByteCode.LinFu.dll" />
      <DeploymentItem filename="C:\Users\thiago.alves\Projects\Web.Generics\lib\NHibernate\Antlr3.Runtime.dll" />
      <DeploymentItem filename="C:\Users\thiago.alves\Projects\Web.Generics\Web.Generics.Web\bin\Debug\Web.Generics.Web.dll" />
      <DeploymentItem filename="C:\Users\thiago.alves\Projects\Web.Generics\Web.Generics.Futures\bin\Debug\Web.Generics.Futures.dll" />
      <DeploymentItem filename="C:\Users\thiago.alves\Projects\Web.Generics\Inspira.Blog\bin\Debug\Inspira.Blog.dll" />
      <DeploymentItem filename="C:\Users\thiago.alves\Projects\Web.Generics\lib\NHibernate\Iesi.Collections.dll" />
      <DeploymentItem filename="C:\Users\thiago.alves\Projects\Web.Generics\lib\Moq\Moq.dll" />
      <DeploymentItem filename="C:\Users\thiago.alves\Projects\Web.Generics\Web.Generics.WebMvc\bin\Debug\Web.Generics.WebMvc.dll" />
      <DeploymentItem filename="C:\Users\thiago.alves\Projects\Web.Generics\lib\NHibernate\FluentNHibernate.dll" />
    </Deployment>
    <Execution>
      <TestTypeSpecific />
      <AgentRule name="Execution Agents">
      </AgentRule>
    </Execution>
  </TestSettings>
  <Times creation="2010-10-29T12:20:30.6749313-02:00" queuing="2010-10-29T12:20:30.8709413-02:00" start="2010-10-29T12:20:30.9849479-02:00" finish="2010-10-29T12:20:31.4479743-02:00" />
  <ResultSummary outcome="Error">
    <Counters total="1" executed="1" error="1" failed="0" timeout="0" aborted="0" inconclusive="0" passedButRunAborted="0" notRunnable="0" notExecuted="0" disconnected="0" warning="0" passed="0" completed="0" inProgress="0" pending="0" />
    <RunInfos>
      <RunInfo computerName="CLARINETE" outcome="Warning" timestamp="2010-10-29T12:20:30.8699413-02:00">
        <Text>Warning: Test Run deployment issue: The assembly or module 'Microsoft.Practices.ServiceLocation' directly or indirectly referenced by the test container 'c:\users\thiago.alves\projects\web.generics\web.generics.tests\bin\debug\web.generics.tests.dll' was not found.</Text>
      </RunInfo>
    </RunInfos>
  </ResultSummary>
  <TestDefinitions>
    <UnitTest name="Register_with_valid_data_inserts_user_into_database_and_returns_success" storage="c:\users\thiago.alves\projects\web.generics\web.generics.tests\bin\debug\web.generics.tests.dll" id="c5c2e3d8-1b24-09f0-43aa-e4693e886451">
      <Execution id="0ecb7fcc-625e-45fe-bf8e-1f01e4d0f45c" />
      <TestMethod codeBase="C:/Users/thiago.alves/Projects/Web.Generics/Web.Generics.Tests/bin/Debug/Web.Generics.Tests.DLL" adapterTypeName="Microsoft.VisualStudio.TestTools.TestTypes.Unit.UnitTestAdapter, Microsoft.VisualStudio.QualityTools.Tips.UnitTest.Adapter, Version=10.0.0.0, Culture=neutral, PublicKeyToken=b03f5f7f11d50a3a" className="Web.Generics.Tests.Authentication.MembershipServicesTests, Web.Generics.Tests, Version=1.0.0.0, Culture=neutral, PublicKeyToken=null" name="Register_with_valid_data_inserts_user_into_database_and_returns_success" />
    </UnitTest>
  </TestDefinitions>
  <TestLists>
    <TestList name="Results Not in a List" id="8c84fa94-04c1-424b-9868-57a2d4851a1d" />
    <TestList name="All Loaded Results" id="19431567-8539-422a-85d7-44ee4e166bda" />
  </TestLists>
  <TestEntries>
    <TestEntry testId="c5c2e3d8-1b24-09f0-43aa-e4693e886451" executionId="0ecb7fcc-625e-45fe-bf8e-1f01e4d0f45c" testListId="8c84fa94-04c1-424b-9868-57a2d4851a1d" />
  </TestEntries>
  <Results>
    <UnitTestResult executionId="0ecb7fcc-625e-45fe-bf8e-1f01e4d0f45c" testId="c5c2e3d8-1b24-09f0-43aa-e4693e886451" testName="Register_with_valid_data_inserts_user_into_database_and_returns_success" computerName="CLARINETE" startTime="2010-10-29T12:20:30.8779417-02:00" endTime="2010-10-29T12:20:31.4189727-02:00" testType="13cdc9d9-ddb5-4fa4-a97d-d965ccfc6d4b" testListId="8c84fa94-04c1-424b-9868-57a2d4851a1d" relativeResultsDirectory="0ecb7fcc-625e-45fe-bf8e-1f01e4d0f45c">
      <Output>
        <ErrorInfo>
          <Message>Unit Test Adapter threw exception: 
Type is not resolved for member 'NHibernate.Cfg.HibernateConfigException,NHibernate, Version=3.0.0.2001, Culture=neutral, PublicKeyToken=aa95f207798dfdb4'..</Message>
        </ErrorInfo>
      </Output>
    </UnitTestResult>
  </Results>
</TestRun>