<?xml version="1.0" encoding="UTF-8"?>
<TestRun id="a368d214-bf8b-40c3-9f1c-dcc52e805c2f" name="thiago.alves@CLARINETE 2010-10-29 12:42:36" runUser="Clarinete\thiago.alves" xmlns="http://microsoft.com/schemas/VisualStudio/TeamTest/2010">
  <TestSettings name="Default Test Settings" id="a8ff1938-694e-4d66-a51c-4e17d178157e">
    <Deployment userDeploymentRoot="C:\Users\thiago.alves\Projects\Web.Generics\TestResults" useDefaultDeploymentRoot="false" runDeploymentRoot="thiago.alves_CLARINETE 2010-10-29 12_42_36">
      <DeploymentItem filename="C:\Users\thiago.alves\Projects\Web.Generics\lib\NHibernate\System.Data.SQLite.dll" />
      <DeploymentItem filename="C:\Users\thiago.alves\Projects\Web.Generics\Inspira.Blog.DomainModel\bin\Debug\Inspira.Blog.DomainModel.dll" />
      <DeploymentItem filename="C:\Users\thiago.alves\Projects\Web.Generics\lib\NHibernate\log4net.dll" />
      <DeploymentItem filename="C:\Users\thiago.alves\Projects\Web.Generics\lib\NHibernate\NHibernate.dll" />
      <DeploymentItem filename="C:\Users\thiago.alves\Projects\Web.Generics\Web.Generics\bin\Debug\Web.Generics.dll" />
      <DeploymentItem filename="C:\Users\thiago.alves\Projects\Web.Generics\lib\NHibernate\NHibernate.ByteCode.LinFu.dll" />
      <DeploymentItem filename="C:\Users\thiago.alves\Projects\Web.Generics\lib\NHibernate\Antlr3.Runtime.dll" />
      <DeploymentItem filename="C:\Users\thiago.alves\Projects\Web.Generics\Web.Generics.Web\bin\Debug\Web.Generics.Web.dll" />
      <DeploymentItem filename="C:\Users\thiago.alves\Projects\Web.Generics\Web.Generics.Futures\bin\Debug\Web.Generics.Futures.dll" />
      <DeploymentItem filename="C:\Users\thiago.alves\Projects\Web.Generics\Inspira.Blog\bin\Debug\Inspira.Blog.dll" />
      <DeploymentItem filename="C:\Users\thiago.alves\Projects\Web.Generics\lib\NHibernate\Iesi.Collections.dll" />
      <DeploymentItem filename="C:\Users\thiago.alves\Projects\Web.Generics\lib\Moq\Moq.dll" />
      <DeploymentItem filename="C:\Users\thiago.alves\Projects\Web.Generics\Web.Generics.WebMvc\bin\Debug\Web.Generics.WebMvc.dll" />
      <DeploymentItem filename="C:\Users\thiago.alves\Projects\Web.Generics\lib\NHibernate\FluentNHibernate.dll" />
    </Deployment>
    <Execution>
      <TestTypeSpecific />
      <AgentRule name="Execution Agents">
      </AgentRule>
    </Execution>
  </TestSettings>
  <Times creation="2010-10-29T12:42:36.1589168-02:00" queuing="2010-10-29T12:42:38.0460225-02:00" start="2010-10-29T12:42:38.1520286-02:00" finish="2010-10-29T12:42:39.5731076-02:00" />
  <ResultSummary outcome="Error">
    <Counters total="1" executed="1" error="1" failed="0" timeout="0" aborted="0" inconclusive="0" passedButRunAborted="0" notRunnable="0" notExecuted="0" disconnected="0" warning="0" passed="0" completed="0" inProgress="0" pending="0" />
    <RunInfos>
      <RunInfo computerName="CLARINETE" outcome="Warning" timestamp="2010-10-29T12:42:36.4769350-02:00">
        <Text>Warning: Test Run deployment issue: The assembly or module 'Microsoft.Practices.ServiceLocation' directly or indirectly referenced by the test container 'c:\users\thiago.alves\projects\web.generics\web.generics.tests\bin\debug\web.generics.tests.dll' was not found.</Text>
      </RunInfo>
    </RunInfos>
  </ResultSummary>
  <TestDefinitions>
    <UnitTest name="GenerateValidationKey_for_existing_email_generates_key_and_returns_it" storage="c:\users\thiago.alves\projects\web.generics\web.generics.tests\bin\debug\web.generics.tests.dll" id="432241a0-da4c-fbc6-a453-14729eff3388">
      <Execution id="c7b1fd4f-ed0b-4da4-8630-e8f1455eea44" />
      <TestMethod codeBase="C:/Users/thiago.alves/Projects/Web.Generics/Web.Generics.Tests/bin/Debug/Web.Generics.Tests.DLL" adapterTypeName="Microsoft.VisualStudio.TestTools.TestTypes.Unit.UnitTestAdapter, Microsoft.VisualStudio.QualityTools.Tips.UnitTest.Adapter, Version=10.0.0.0, Culture=neutral, PublicKeyToken=b03f5f7f11d50a3a" className="Web.Generics.Tests.Authentication.MembershipServicesTests, Web.Generics.Tests, Version=1.0.0.0, Culture=neutral, PublicKeyToken=null" name="GenerateValidationKey_for_existing_email_generates_key_and_returns_it" />
    </UnitTest>
  </TestDefinitions>
  <TestLists>
    <TestList name="Results Not in a List" id="8c84fa94-04c1-424b-9868-57a2d4851a1d" />
    <TestList name="All Loaded Results" id="19431567-8539-422a-85d7-44ee4e166bda" />
  </TestLists>
  <TestEntries>
    <TestEntry testId="432241a0-da4c-fbc6-a453-14729eff3388" executionId="c7b1fd4f-ed0b-4da4-8630-e8f1455eea44" testListId="8c84fa94-04c1-424b-9868-57a2d4851a1d" />
  </TestEntries>
  <Results>
    <UnitTestResult executionId="c7b1fd4f-ed0b-4da4-8630-e8f1455eea44" testId="432241a0-da4c-fbc6-a453-14729eff3388" testName="GenerateValidationKey_for_existing_email_generates_key_and_returns_it" computerName="CLARINETE" startTime="2010-10-29T12:42:38.2330332-02:00" endTime="2010-10-29T12:42:39.4020979-02:00" testType="13cdc9d9-ddb5-4fa4-a97d-d965ccfc6d4b" testListId="8c84fa94-04c1-424b-9868-57a2d4851a1d" relativeResultsDirectory="c7b1fd4f-ed0b-4da4-8630-e8f1455eea44">
      <Output>
        <ErrorInfo>
          <Message>Unit Test Adapter threw exception: 
Type is not resolved for member 'NHibernate.Cfg.HibernateConfigException,NHibernate, Version=3.0.0.2001, Culture=neutral, PublicKeyToken=aa95f207798dfdb4'..</Message>
        </ErrorInfo>
      </Output>
    </UnitTestResult>
  </Results>
</TestRun>