<?xml version="1.0" encoding="UTF-8"?>
<TestRun id="4a591568-cc39-4ec7-93f6-b564983ae540" name="thiago.alves@CLARINETE 2010-10-25 19:39:50" runUser="Clarinete\thiago.alves" xmlns="http://microsoft.com/schemas/VisualStudio/TeamTest/2010">
  <TestSettings name="Default Test Settings" id="1150f52b-a5a7-419a-895c-4364b2c4a673">
    <Deployment runDeploymentRoot="thiago.alves_CLARINETE 2010-10-25 19_39_50">
      <DeploymentItem filename="C:\Users\thiago.alves\Projects\Web.Generics\lib\NHibernate\System.Data.SQLite.dll" />
      <DeploymentItem filename="C:\Users\thiago.alves\Projects\Web.Generics\Inspira.Blog.DomainModel\bin\Debug\Inspira.Blog.DomainModel.dll" />
      <DeploymentItem filename="C:\Users\thiago.alves\Projects\Web.Generics\lib\NHibernate\log4net.dll" />
      <DeploymentItem filename="C:\Users\thiago.alves\Projects\Web.Generics\lib\NHibernate\NHibernate.dll" />
      <DeploymentItem filename="C:\Users\thiago.alves\Projects\Web.Generics\Web.Generics\bin\Debug\Web.Generics.dll" />
      <DeploymentItem filename="C:\Users\thiago.alves\Projects\Web.Generics\lib\NHibernate\NHibernate.ByteCode.LinFu.dll" />
      <DeploymentItem filename="C:\Users\thiago.alves\Projects\Web.Generics\lib\NHibernate\Antlr3.Runtime.dll" />
      <DeploymentItem filename="C:\Users\thiago.alves\Projects\Web.Generics\Web.Generics.Web\bin\Debug\Web.Generics.Web.dll" />
      <DeploymentItem filename="C:\Users\thiago.alves\Projects\Web.Generics\Web.Generics.Futures\bin\Debug\Web.Generics.Futures.dll" />
      <DeploymentItem filename="C:\Users\thiago.alves\Projects\Web.Generics\Inspira.Blog\bin\Debug\Inspira.Blog.dll" />
      <DeploymentItem filename="C:\Users\thiago.alves\Projects\Web.Generics\lib\NHibernate\Iesi.Collections.dll" />
      <DeploymentItem filename="C:\Users\thiago.alves\Projects\Web.Generics\lib\Moq\Moq.dll" />
      <DeploymentItem filename="C:\Users\thiago.alves\Projects\Web.Generics\Web.Generics.WebMvc\bin\Debug\Web.Generics.WebMvc.dll" />
      <DeploymentItem filename="C:\Users\thiago.alves\Projects\Web.Generics\lib\NHibernate\FluentNHibernate.dll" />
    </Deployment>
    <Execution>
      <TestTypeSpecific />
      <AgentRule name="Execution Agents">
      </AgentRule>
    </Execution>
  </TestSettings>
  <Times creation="2010-10-25T19:39:50.3517728-02:00" queuing="2010-10-25T19:39:50.5157822-02:00" start="2010-10-25T19:39:50.5217826-02:00" finish="2010-10-25T19:39:50.9168052-02:00" />
  <ResultSummary outcome="Failed">
    <Counters total="4" executed="4" passed="3" error="0" failed="1" timeout="0" aborted="0" inconclusive="0" passedButRunAborted="0" notRunnable="0" notExecuted="0" disconnected="0" warning="0" completed="0" inProgress="0" pending="0" />
    <RunInfos>
      <RunInfo computerName="CLARINETE" outcome="Warning" timestamp="2010-10-25T19:39:50.5157822-02:00">
        <Text>Warning: Test Run deployment issue: The assembly or module 'Microsoft.Practices.ServiceLocation' directly or indirectly referenced by the test container 'c:\users\thiago.alves\projects\web.generics\web.generics.tests\bin\debug\web.generics.tests.dll' was not found.</Text>
      </RunInfo>
    </RunInfos>
  </ResultSummary>
  <TestDefinitions>
    <UnitTest name="Create_gridcolumns_3_items" storage="c:\users\thiago.alves\projects\web.generics\web.generics.tests\bin\debug\web.generics.tests.dll" id="e2fc3885-aa40-9683-2ab7-b540f61756f5">
      <Execution id="6027797d-82ac-48ec-846a-4f5803340342" />
      <TestMethod codeBase="C:/Users/thiago.alves/Projects/Web.Generics/Web.Generics.Tests/bin/Debug/Web.Generics.Tests.DLL" adapterTypeName="Microsoft.VisualStudio.TestTools.TestTypes.Unit.UnitTestAdapter, Microsoft.VisualStudio.QualityTools.Tips.UnitTest.Adapter, Version=10.0.0.0, Culture=neutral, PublicKeyToken=b03f5f7f11d50a3a" className="Web.Generics.Tests.UserInterface.Grid, Web.Generics.Tests, Version=1.0.0.0, Culture=neutral, PublicKeyToken=null" name="Create_gridcolumns_3_items" />
    </UnitTest>
    <UnitTest name="Create_gridcolumns_2_items" storage="c:\users\thiago.alves\projects\web.generics\web.generics.tests\bin\debug\web.generics.tests.dll" id="c424cf9d-c701-00b8-8587-0bd70f8e4fb5">
      <Execution id="c14fd3ce-3d2d-4235-ab9f-bdd44821472e" />
      <TestMethod codeBase="C:/Users/thiago.alves/Projects/Web.Generics/Web.Generics.Tests/bin/Debug/Web.Generics.Tests.DLL" adapterTypeName="Microsoft.VisualStudio.TestTools.TestTypes.Unit.UnitTestAdapter, Microsoft.VisualStudio.QualityTools.Tips.UnitTest.Adapter, Version=10.0.0.0, Culture=neutral, PublicKeyToken=b03f5f7f11d50a3a" className="Web.Generics.Tests.UserInterface.Grid, Web.Generics.Tests, Version=1.0.0.0, Culture=neutral, PublicKeyToken=null" name="Create_gridcolumns_2_items" />
    </UnitTest>
    <UnitTest name="Create_gridcolumns_4_items" storage="c:\users\thiago.alves\projects\web.generics\web.generics.tests\bin\debug\web.generics.tests.dll" id="62c3bf0d-d69b-7298-07d9-84111427bb53">
      <Execution id="192f727a-8282-448b-a8c6-fa11aeacd24d" />
      <TestMethod codeBase="C:/Users/thiago.alves/Projects/Web.Generics/Web.Generics.Tests/bin/Debug/Web.Generics.Tests.DLL" adapterTypeName="Microsoft.VisualStudio.TestTools.TestTypes.Unit.UnitTestAdapter, Microsoft.VisualStudio.QualityTools.Tips.UnitTest.Adapter, Version=10.0.0.0, Culture=neutral, PublicKeyToken=b03f5f7f11d50a3a" className="Web.Generics.Tests.UserInterface.Grid, Web.Generics.Tests, Version=1.0.0.0, Culture=neutral, PublicKeyToken=null" name="Create_gridcolumns_4_items" />
    </UnitTest>
    <UnitTest name="Create_gridcolumns_0_items" storage="c:\users\thiago.alves\projects\web.generics\web.generics.tests\bin\debug\web.generics.tests.dll" id="71a5e214-0762-9325-d6f8-1651057b3eb4">
      <Execution id="4c2d2cd9-c640-4752-a882-d363ba7ff8e8" />
      <TestMethod codeBase="C:/Users/thiago.alves/Projects/Web.Generics/Web.Generics.Tests/bin/Debug/Web.Generics.Tests.DLL" adapterTypeName="Microsoft.VisualStudio.TestTools.TestTypes.Unit.UnitTestAdapter, Microsoft.VisualStudio.QualityTools.Tips.UnitTest.Adapter, Version=10.0.0.0, Culture=neutral, PublicKeyToken=b03f5f7f11d50a3a" className="Web.Generics.Tests.UserInterface.Grid, Web.Generics.Tests, Version=1.0.0.0, Culture=neutral, PublicKeyToken=null" name="Create_gridcolumns_0_items" />
    </UnitTest>
  </TestDefinitions>
  <TestLists>
    <TestList name="Results Not in a List" id="8c84fa94-04c1-424b-9868-57a2d4851a1d" />
    <TestList name="All Loaded Results" id="19431567-8539-422a-85d7-44ee4e166bda" />
  </TestLists>
  <TestEntries>
    <TestEntry testId="62c3bf0d-d69b-7298-07d9-84111427bb53" executionId="192f727a-8282-448b-a8c6-fa11aeacd24d" testListId="8c84fa94-04c1-424b-9868-57a2d4851a1d" />
    <TestEntry testId="71a5e214-0762-9325-d6f8-1651057b3eb4" executionId="4c2d2cd9-c640-4752-a882-d363ba7ff8e8" testListId="8c84fa94-04c1-424b-9868-57a2d4851a1d" />
    <TestEntry testId="c424cf9d-c701-00b8-8587-0bd70f8e4fb5" executionId="c14fd3ce-3d2d-4235-ab9f-bdd44821472e" testListId="8c84fa94-04c1-424b-9868-57a2d4851a1d" />
    <TestEntry testId="e2fc3885-aa40-9683-2ab7-b540f61756f5" executionId="6027797d-82ac-48ec-846a-4f5803340342" testListId="8c84fa94-04c1-424b-9868-57a2d4851a1d" />
  </TestEntries>
  <Results>
    <UnitTestResult executionId="192f727a-8282-448b-a8c6-fa11aeacd24d" testId="62c3bf0d-d69b-7298-07d9-84111427bb53" testName="Create_gridcolumns_4_items" computerName="CLARINETE" duration="00:00:00.0137812" startTime="2010-10-25T19:39:50.5237827-02:00" endTime="2010-10-25T19:39:50.8057988-02:00" testType="13cdc9d9-ddb5-4fa4-a97d-d965ccfc6d4b" outcome="Passed" testListId="8c84fa94-04c1-424b-9868-57a2d4851a1d" relativeResultsDirectory="192f727a-8282-448b-a8c6-fa11aeacd24d">
    </UnitTestResult>
    <UnitTestResult executionId="4c2d2cd9-c640-4752-a882-d363ba7ff8e8" testId="71a5e214-0762-9325-d6f8-1651057b3eb4" testName="Create_gridcolumns_0_items" computerName="CLARINETE" duration="00:00:00.0002134" startTime="2010-10-25T19:39:50.8127992-02:00" endTime="2010-10-25T19:39:50.8167994-02:00" testType="13cdc9d9-ddb5-4fa4-a97d-d965ccfc6d4b" outcome="Passed" testListId="8c84fa94-04c1-424b-9868-57a2d4851a1d" relativeResultsDirectory="4c2d2cd9-c640-4752-a882-d363ba7ff8e8">
    </UnitTestResult>
    <UnitTestResult executionId="c14fd3ce-3d2d-4235-ab9f-bdd44821472e" testId="c424cf9d-c701-00b8-8587-0bd70f8e4fb5" testName="Create_gridcolumns_2_items" computerName="CLARINETE" duration="00:00:00.0002306" startTime="2010-10-25T19:39:50.8197996-02:00" endTime="2010-10-25T19:39:50.8237998-02:00" testType="13cdc9d9-ddb5-4fa4-a97d-d965ccfc6d4b" outcome="Passed" testListId="8c84fa94-04c1-424b-9868-57a2d4851a1d" relativeResultsDirectory="c14fd3ce-3d2d-4235-ab9f-bdd44821472e">
    </UnitTestResult>
    <UnitTestResult executionId="6027797d-82ac-48ec-846a-4f5803340342" testId="e2fc3885-aa40-9683-2ab7-b540f61756f5" testName="Create_gridcolumns_3_items" computerName="CLARINETE" duration="00:00:00.0642117" startTime="2010-10-25T19:39:50.8258000-02:00" endTime="2010-10-25T19:39:50.8938038-02:00" testType="13cdc9d9-ddb5-4fa4-a97d-d965ccfc6d4b" outcome="Failed" testListId="8c84fa94-04c1-424b-9868-57a2d4851a1d" relativeResultsDirectory="6027797d-82ac-48ec-846a-4f5803340342">
      <Output>
        <ErrorInfo>
          <Message>Test method Web.Generics.Tests.UserInterface.Grid.Create_gridcolumns_3_items threw exception: 
System.ArgumentOutOfRangeException: Specified argument was out of the range of valid values.
Parameter name: A quantidade de parâmetros deve ser um número par</Message>
          <StackTrace>    at Web.Generics.UserInterface.Models.GridColumn.Create(String[] propertyTextPairs) in C:\Users\thiago.alves\Projects\Web.Generics\Web.Generics.WebMvc\UserInterface\Models\GridColumn.cs:line 21
   at Web.Generics.Tests.UserInterface.Grid.Create_gridcolumns_3_items() in C:\Users\thiago.alves\Projects\Web.Generics\Web.Generics.Tests\UserInterface\Grid.cs:line 30
</StackTrace>
        </ErrorInfo>
      </Output>
    </UnitTestResult>
  </Results>
</TestRun>