<?xml version="1.0" encoding="UTF-8"?>
<TestRun id="a424b34b-44e5-4f5d-8590-3093cf9c5dc8" name="thiago.alves@CLARINETE 2010-10-25 19:40:16" runUser="Clarinete\thiago.alves" xmlns="http://microsoft.com/schemas/VisualStudio/TeamTest/2010">
  <TestSettings name="Default Test Settings" id="b99b07a8-6dd1-4ddf-a41c-6f01df47f935">
    <Deployment runDeploymentRoot="thiago.alves_CLARINETE 2010-10-25 19_40_16">
      <DeploymentItem filename="C:\Users\thiago.alves\Projects\Web.Generics\lib\NHibernate\System.Data.SQLite.dll" />
      <DeploymentItem filename="C:\Users\thiago.alves\Projects\Web.Generics\Inspira.Blog.DomainModel\bin\Debug\Inspira.Blog.DomainModel.dll" />
      <DeploymentItem filename="C:\Users\thiago.alves\Projects\Web.Generics\lib\NHibernate\log4net.dll" />
      <DeploymentItem filename="C:\Users\thiago.alves\Projects\Web.Generics\lib\NHibernate\NHibernate.dll" />
      <DeploymentItem filename="C:\Users\thiago.alves\Projects\Web.Generics\Web.Generics\bin\Debug\Web.Generics.dll" />
      <DeploymentItem filename="C:\Users\thiago.alves\Projects\Web.Generics\lib\NHibernate\NHibernate.ByteCode.LinFu.dll" />
      <DeploymentItem filename="C:\Users\thiago.alves\Projects\Web.Generics\lib\NHibernate\Antlr3.Runtime.dll" />
      <DeploymentItem filename="C:\Users\thiago.alves\Projects\Web.Generics\Web.Generics.Web\bin\Debug\Web.Generics.Web.dll" />
      <DeploymentItem filename="C:\Users\thiago.alves\Projects\Web.Generics\Web.Generics.Futures\bin\Debug\Web.Generics.Futures.dll" />
      <DeploymentItem filename="C:\Users\thiago.alves\Projects\Web.Generics\Inspira.Blog\bin\Debug\Inspira.Blog.dll" />
      <DeploymentItem filename="C:\Users\thiago.alves\Projects\Web.Generics\lib\NHibernate\Iesi.Collections.dll" />
      <DeploymentItem filename="C:\Users\thiago.alves\Projects\Web.Generics\lib\Moq\Moq.dll" />
      <DeploymentItem filename="C:\Users\thiago.alves\Projects\Web.Generics\Web.Generics.WebMvc\bin\Debug\Web.Generics.WebMvc.dll" />
      <DeploymentItem filename="C:\Users\thiago.alves\Projects\Web.Generics\lib\NHibernate\FluentNHibernate.dll" />
    </Deployment>
    <Execution>
      <TestTypeSpecific />
      <AgentRule name="Execution Agents">
      </AgentRule>
    </Execution>
  </TestSettings>
  <Times creation="2010-10-25T19:40:16.9002913-02:00" queuing="2010-10-25T19:40:17.0623006-02:00" start="2010-10-25T19:40:17.0693010-02:00" finish="2010-10-25T19:40:17.3393164-02:00" />
  <ResultSummary outcome="Warning">
    <Counters total="4" executed="4" passed="4" error="0" failed="0" timeout="0" aborted="0" inconclusive="0" passedButRunAborted="0" notRunnable="0" notExecuted="0" disconnected="0" warning="0" completed="0" inProgress="0" pending="0" />
    <RunInfos>
      <RunInfo computerName="CLARINETE" outcome="Warning" timestamp="2010-10-25T19:40:17.0623006-02:00">
        <Text>Warning: Test Run deployment issue: The assembly or module 'Microsoft.Practices.ServiceLocation' directly or indirectly referenced by the test container 'c:\users\thiago.alves\projects\web.generics\web.generics.tests\bin\debug\web.generics.tests.dll' was not found.</Text>
      </RunInfo>
    </RunInfos>
  </ResultSummary>
  <TestDefinitions>
    <UnitTest name="Create_gridcolumns_3_items" storage="c:\users\thiago.alves\projects\web.generics\web.generics.tests\bin\debug\web.generics.tests.dll" id="e2fc3885-aa40-9683-2ab7-b540f61756f5">
      <Execution id="db3a113b-577e-4691-98d0-ef027e2ad29e" />
      <TestMethod codeBase="C:/Users/thiago.alves/Projects/Web.Generics/Web.Generics.Tests/bin/Debug/Web.Generics.Tests.DLL" adapterTypeName="Microsoft.VisualStudio.TestTools.TestTypes.Unit.UnitTestAdapter, Microsoft.VisualStudio.QualityTools.Tips.UnitTest.Adapter, Version=10.0.0.0, Culture=neutral, PublicKeyToken=b03f5f7f11d50a3a" className="Web.Generics.Tests.UserInterface.Grid, Web.Generics.Tests, Version=1.0.0.0, Culture=neutral, PublicKeyToken=null" name="Create_gridcolumns_3_items" />
    </UnitTest>
    <UnitTest name="Create_gridcolumns_2_items" storage="c:\users\thiago.alves\projects\web.generics\web.generics.tests\bin\debug\web.generics.tests.dll" id="c424cf9d-c701-00b8-8587-0bd70f8e4fb5">
      <Execution id="2b43bdc5-76d2-4118-aaeb-988fa80b221f" />
      <TestMethod codeBase="C:/Users/thiago.alves/Projects/Web.Generics/Web.Generics.Tests/bin/Debug/Web.Generics.Tests.DLL" adapterTypeName="Microsoft.VisualStudio.TestTools.TestTypes.Unit.UnitTestAdapter, Microsoft.VisualStudio.QualityTools.Tips.UnitTest.Adapter, Version=10.0.0.0, Culture=neutral, PublicKeyToken=b03f5f7f11d50a3a" className="Web.Generics.Tests.UserInterface.Grid, Web.Generics.Tests, Version=1.0.0.0, Culture=neutral, PublicKeyToken=null" name="Create_gridcolumns_2_items" />
    </UnitTest>
    <UnitTest name="Create_gridcolumns_4_items" storage="c:\users\thiago.alves\projects\web.generics\web.generics.tests\bin\debug\web.generics.tests.dll" id="62c3bf0d-d69b-7298-07d9-84111427bb53">
      <Execution id="ca73f2ff-f66d-4772-8886-0c4bb0863ec2" />
      <TestMethod codeBase="C:/Users/thiago.alves/Projects/Web.Generics/Web.Generics.Tests/bin/Debug/Web.Generics.Tests.DLL" adapterTypeName="Microsoft.VisualStudio.TestTools.TestTypes.Unit.UnitTestAdapter, Microsoft.VisualStudio.QualityTools.Tips.UnitTest.Adapter, Version=10.0.0.0, Culture=neutral, PublicKeyToken=b03f5f7f11d50a3a" className="Web.Generics.Tests.UserInterface.Grid, Web.Generics.Tests, Version=1.0.0.0, Culture=neutral, PublicKeyToken=null" name="Create_gridcolumns_4_items" />
    </UnitTest>
    <UnitTest name="Create_gridcolumns_0_items" storage="c:\users\thiago.alves\projects\web.generics\web.generics.tests\bin\debug\web.generics.tests.dll" id="71a5e214-0762-9325-d6f8-1651057b3eb4">
      <Execution id="c8763491-ccee-4ecf-97c1-a44dc898e86a" />
      <TestMethod codeBase="C:/Users/thiago.alves/Projects/Web.Generics/Web.Generics.Tests/bin/Debug/Web.Generics.Tests.DLL" adapterTypeName="Microsoft.VisualStudio.TestTools.TestTypes.Unit.UnitTestAdapter, Microsoft.VisualStudio.QualityTools.Tips.UnitTest.Adapter, Version=10.0.0.0, Culture=neutral, PublicKeyToken=b03f5f7f11d50a3a" className="Web.Generics.Tests.UserInterface.Grid, Web.Generics.Tests, Version=1.0.0.0, Culture=neutral, PublicKeyToken=null" name="Create_gridcolumns_0_items" />
    </UnitTest>
  </TestDefinitions>
  <TestLists>
    <TestList name="Results Not in a List" id="8c84fa94-04c1-424b-9868-57a2d4851a1d" />
    <TestList name="All Loaded Results" id="19431567-8539-422a-85d7-44ee4e166bda" />
  </TestLists>
  <TestEntries>
    <TestEntry testId="62c3bf0d-d69b-7298-07d9-84111427bb53" executionId="ca73f2ff-f66d-4772-8886-0c4bb0863ec2" testListId="8c84fa94-04c1-424b-9868-57a2d4851a1d" />
    <TestEntry testId="71a5e214-0762-9325-d6f8-1651057b3eb4" executionId="c8763491-ccee-4ecf-97c1-a44dc898e86a" testListId="8c84fa94-04c1-424b-9868-57a2d4851a1d" />
    <TestEntry testId="c424cf9d-c701-00b8-8587-0bd70f8e4fb5" executionId="2b43bdc5-76d2-4118-aaeb-988fa80b221f" testListId="8c84fa94-04c1-424b-9868-57a2d4851a1d" />
    <TestEntry testId="e2fc3885-aa40-9683-2ab7-b540f61756f5" executionId="db3a113b-577e-4691-98d0-ef027e2ad29e" testListId="8c84fa94-04c1-424b-9868-57a2d4851a1d" />
  </TestEntries>
  <Results>
    <UnitTestResult executionId="ca73f2ff-f66d-4772-8886-0c4bb0863ec2" testId="62c3bf0d-d69b-7298-07d9-84111427bb53" testName="Create_gridcolumns_4_items" computerName="CLARINETE" duration="00:00:00.0103689" startTime="2010-10-25T19:40:17.0703011-02:00" endTime="2010-10-25T19:40:17.3083147-02:00" testType="13cdc9d9-ddb5-4fa4-a97d-d965ccfc6d4b" outcome="Passed" testListId="8c84fa94-04c1-424b-9868-57a2d4851a1d" relativeResultsDirectory="ca73f2ff-f66d-4772-8886-0c4bb0863ec2">
    </UnitTestResult>
    <UnitTestResult executionId="c8763491-ccee-4ecf-97c1-a44dc898e86a" testId="71a5e214-0762-9325-d6f8-1651057b3eb4" testName="Create_gridcolumns_0_items" computerName="CLARINETE" duration="00:00:00.0002423" startTime="2010-10-25T19:40:17.3103148-02:00" endTime="2010-10-25T19:40:17.3143150-02:00" testType="13cdc9d9-ddb5-4fa4-a97d-d965ccfc6d4b" outcome="Passed" testListId="8c84fa94-04c1-424b-9868-57a2d4851a1d" relativeResultsDirectory="c8763491-ccee-4ecf-97c1-a44dc898e86a">
    </UnitTestResult>
    <UnitTestResult executionId="2b43bdc5-76d2-4118-aaeb-988fa80b221f" testId="c424cf9d-c701-00b8-8587-0bd70f8e4fb5" testName="Create_gridcolumns_2_items" computerName="CLARINETE" duration="00:00:00.0003085" startTime="2010-10-25T19:40:17.3153151-02:00" endTime="2010-10-25T19:40:17.3203154-02:00" testType="13cdc9d9-ddb5-4fa4-a97d-d965ccfc6d4b" outcome="Passed" testListId="8c84fa94-04c1-424b-9868-57a2d4851a1d" relativeResultsDirectory="2b43bdc5-76d2-4118-aaeb-988fa80b221f">
    </UnitTestResult>
    <UnitTestResult executionId="db3a113b-577e-4691-98d0-ef027e2ad29e" testId="e2fc3885-aa40-9683-2ab7-b540f61756f5" testName="Create_gridcolumns_3_items" computerName="CLARINETE" duration="00:00:00.0018561" startTime="2010-10-25T19:40:17.3203154-02:00" endTime="2010-10-25T19:40:17.3263157-02:00" testType="13cdc9d9-ddb5-4fa4-a97d-d965ccfc6d4b" outcome="Passed" testListId="8c84fa94-04c1-424b-9868-57a2d4851a1d" relativeResultsDirectory="db3a113b-577e-4691-98d0-ef027e2ad29e">
    </UnitTestResult>
  </Results>
</TestRun>