<?xml version="1.0" encoding="UTF-8"?>
<TestRun id="25cedb16-6263-4b12-9970-5fc58479bcca" name="thiago.alves@CLARINETE 2010-10-25 19:55:59" runUser="Clarinete\thiago.alves" xmlns="http://microsoft.com/schemas/VisualStudio/TeamTest/2010">
  <TestSettings name="Default Test Settings" id="1d59a641-397a-4c3f-b9c5-8dc989f738d7">
    <Deployment userDeploymentRoot="C:\Users\thiago.alves\Projects\Web.Generics\TestResults" useDefaultDeploymentRoot="false" runDeploymentRoot="thiago.alves_CLARINETE 2010-10-25 19_55_59">
      <DeploymentItem filename="C:\Users\thiago.alves\Projects\Web.Generics\lib\NHibernate\System.Data.SQLite.dll" />
      <DeploymentItem filename="C:\Users\thiago.alves\Projects\Web.Generics\Inspira.Blog.DomainModel\bin\Debug\Inspira.Blog.DomainModel.dll" />
      <DeploymentItem filename="C:\Users\thiago.alves\Projects\Web.Generics\lib\NHibernate\log4net.dll" />
      <DeploymentItem filename="C:\Users\thiago.alves\Projects\Web.Generics\lib\NHibernate\NHibernate.dll" />
      <DeploymentItem filename="C:\Users\thiago.alves\Projects\Web.Generics\Web.Generics\bin\Debug\Web.Generics.dll" />
      <DeploymentItem filename="C:\Users\thiago.alves\Projects\Web.Generics\lib\NHibernate\NHibernate.ByteCode.LinFu.dll" />
      <DeploymentItem filename="C:\Users\thiago.alves\Projects\Web.Generics\lib\NHibernate\Antlr3.Runtime.dll" />
      <DeploymentItem filename="C:\Users\thiago.alves\Projects\Web.Generics\Web.Generics.Web\bin\Debug\Web.Generics.Web.dll" />
      <DeploymentItem filename="C:\Users\thiago.alves\Projects\Web.Generics\Web.Generics.Futures\bin\Debug\Web.Generics.Futures.dll" />
      <DeploymentItem filename="C:\Users\thiago.alves\Projects\Web.Generics\Inspira.Blog\bin\Debug\Inspira.Blog.dll" />
      <DeploymentItem filename="C:\Users\thiago.alves\Projects\Web.Generics\lib\NHibernate\Iesi.Collections.dll" />
      <DeploymentItem filename="C:\Users\thiago.alves\Projects\Web.Generics\lib\Moq\Moq.dll" />
      <DeploymentItem filename="C:\Users\thiago.alves\Projects\Web.Generics\Web.Generics.WebMvc\bin\Debug\Web.Generics.WebMvc.dll" />
      <DeploymentItem filename="C:\Users\thiago.alves\Projects\Web.Generics\lib\NHibernate\FluentNHibernate.dll" />
    </Deployment>
    <Execution>
      <TestTypeSpecific />
      <AgentRule name="Execution Agents">
      </AgentRule>
    </Execution>
  </TestSettings>
  <Times creation="2010-10-25T19:55:59.0741806-02:00" queuing="2010-10-25T19:55:59.2421902-02:00" start="2010-10-25T19:55:59.2481905-02:00" finish="2010-10-25T19:55:59.5012050-02:00" />
  <ResultSummary outcome="Warning">
    <Counters total="1" executed="1" passed="1" error="0" failed="0" timeout="0" aborted="0" inconclusive="0" passedButRunAborted="0" notRunnable="0" notExecuted="0" disconnected="0" warning="0" completed="0" inProgress="0" pending="0" />
    <RunInfos>
      <RunInfo computerName="CLARINETE" outcome="Warning" timestamp="2010-10-25T19:55:59.2421902-02:00">
        <Text>Warning: Test Run deployment issue: The assembly or module 'Microsoft.Practices.ServiceLocation' directly or indirectly referenced by the test container 'c:\users\thiago.alves\projects\web.generics\web.generics.tests\bin\debug\web.generics.tests.dll' was not found.</Text>
      </RunInfo>
    </RunInfos>
  </ResultSummary>
  <TestDefinitions>
    <UnitTest name="Create_gridcolumns_4_items" storage="c:\users\thiago.alves\projects\web.generics\web.generics.tests\bin\debug\web.generics.tests.dll" id="66c54571-61e8-ed34-7b37-ad9ef9e40030">
      <Execution id="be2fb123-93bb-45ba-ac94-d4780d30c37f" />
      <TestMethod codeBase="C:/Users/thiago.alves/Projects/Web.Generics/Web.Generics.Tests/bin/Debug/Web.Generics.Tests.DLL" adapterTypeName="Microsoft.VisualStudio.TestTools.TestTypes.Unit.UnitTestAdapter, Microsoft.VisualStudio.QualityTools.Tips.UnitTest.Adapter, Version=10.0.0.0, Culture=neutral, PublicKeyToken=b03f5f7f11d50a3a" className="Web.Generics.Tests.UserInterface.GridTests, Web.Generics.Tests, Version=1.0.0.0, Culture=neutral, PublicKeyToken=null" name="Create_gridcolumns_4_items" />
    </UnitTest>
  </TestDefinitions>
  <TestLists>
    <TestList name="Results Not in a List" id="8c84fa94-04c1-424b-9868-57a2d4851a1d" />
    <TestList name="All Loaded Results" id="19431567-8539-422a-85d7-44ee4e166bda" />
  </TestLists>
  <TestEntries>
    <TestEntry testId="66c54571-61e8-ed34-7b37-ad9ef9e40030" executionId="be2fb123-93bb-45ba-ac94-d4780d30c37f" testListId="8c84fa94-04c1-424b-9868-57a2d4851a1d" />
  </TestEntries>
  <Results>
    <UnitTestResult executionId="be2fb123-93bb-45ba-ac94-d4780d30c37f" testId="66c54571-61e8-ed34-7b37-ad9ef9e40030" testName="Create_gridcolumns_4_items" computerName="CLARINETE" duration="00:00:00.0098142" startTime="2010-10-25T19:55:59.2491906-02:00" endTime="2010-10-25T19:55:59.4642029-02:00" testType="13cdc9d9-ddb5-4fa4-a97d-d965ccfc6d4b" outcome="Passed" testListId="8c84fa94-04c1-424b-9868-57a2d4851a1d" relativeResultsDirectory="be2fb123-93bb-45ba-ac94-d4780d30c37f">
    </UnitTestResult>
  </Results>
</TestRun>